0 verbose cli C:\Program Files\nodejs\node.exe C:\Program Files\nodejs\node_modules\npm\bin\npm-cli.js
1 info using npm@11.5.1
2 info using node@v24.6.0
3 silly config load:file:C:\Program Files\nodejs\node_modules\npm\npmrc
4 silly config load:file:C:\Dev\Stockwise\.npmrc
5 silly config load:file:C:\Users\USER\.npmrc
6 silly config load:file:C:\Users\USER\AppData\Roaming\npm\etc\npmrc
7 verbose title npm exec supabase@2.39.2 --version
8 verbose argv "exec" "--yes" "--" "supabase@2.39.2" "--version"
9 verbose logfile logs-max:10 dir:C:\Dev\Stockwise\.npm-cache\_logs\2026-03-21T18_02_42_174Z-
10 verbose logfile C:\Dev\Stockwise\.npm-cache\_logs\2026-03-21T18_02_42_174Z-debug-0.log
11 silly logfile done cleaning log files
12 silly packumentCache heap:4496293888 maxSize:1124073472 maxEntrySize:562036736
13 http fetch GET 200 https://registry.npmjs.org/supabase 350ms (cache miss)
14 silly packumentCache heap:4496293888 maxSize:1124073472 maxEntrySize:562036736
15 silly packumentCache heap:4496293888 maxSize:1124073472 maxEntrySize:562036736
16 silly idealTree buildDeps
17 silly fetch manifest supabase@2.39.2
18 silly packumentCache full:https://registry.npmjs.org/supabase cache-miss
19 http fetch GET 200 https://registry.npmjs.org/supabase 130ms (cache revalidated)
20 silly packumentCache full:https://registry.npmjs.org/supabase set size:2500866 disposed:false
21 silly placeDep ROOT supabase@2.39.2 OK for:  want: 2.39.2
22 silly fetch manifest tar@7.4.3
23 silly packumentCache full:https://registry.npmjs.org/tar cache-miss
24 silly fetch manifest bin-links@^5.0.0
25 silly packumentCache full:https://registry.npmjs.org/bin-links cache-miss
26 silly fetch manifest node-fetch@^3.3.2
27 silly packumentCache full:https://registry.npmjs.org/node-fetch cache-miss
28 silly fetch manifest https-proxy-agent@^7.0.2
29 silly packumentCache full:https://registry.npmjs.org/https-proxy-agent cache-miss
30 http fetch GET 200 https://registry.npmjs.org/node-fetch 133ms (cache revalidated)
31 silly packumentCache full:https://registry.npmjs.org/node-fetch set size:896010 disposed:false
32 http fetch GET 200 https://registry.npmjs.org/bin-links 189ms (cache revalidated)
33 silly packumentCache full:https://registry.npmjs.org/bin-links set size:90178 disposed:false
34 http fetch GET 200 https://registry.npmjs.org/https-proxy-agent 221ms (cache revalidated)
35 silly packumentCache full:https://registry.npmjs.org/https-proxy-agent set size:78754 disposed:false
36 http fetch GET 200 https://registry.npmjs.org/tar 233ms (cache revalidated)
37 silly packumentCache full:https://registry.npmjs.org/tar set size:524830 disposed:false
38 silly placeDep ROOT bin-links@5.0.0 OK for: supabase@2.39.2 want: ^5.0.0
39 silly placeDep ROOT https-proxy-agent@7.0.6 OK for: supabase@2.39.2 want: ^7.0.2
40 silly placeDep ROOT node-fetch@3.3.2 OK for: supabase@2.39.2 want: ^3.3.2
41 silly placeDep ROOT tar@7.4.3 OK for: supabase@2.39.2 want: 7.4.3
42 silly fetch manifest cmd-shim@^7.0.0
43 silly packumentCache full:https://registry.npmjs.org/cmd-shim cache-miss
44 silly fetch manifest proc-log@^5.0.0
45 silly packumentCache full:https://registry.npmjs.org/proc-log cache-miss
46 silly fetch manifest read-cmd-shim@^5.0.0
47 silly packumentCache full:https://registry.npmjs.org/read-cmd-shim cache-miss
48 silly fetch manifest write-file-atomic@^6.0.0
49 silly packumentCache full:https://registry.npmjs.org/write-file-atomic cache-miss
50 silly fetch manifest npm-normalize-package-bin@^4.0.0
51 silly packumentCache full:https://registry.npmjs.org/npm-normalize-package-bin cache-miss
52 silly fetch manifest debug@4
53 silly packumentCache full:https://registry.npmjs.org/debug cache-miss
54 silly fetch manifest agent-base@^7.1.2
55 silly packumentCache full:https://registry.npmjs.org/agent-base cache-miss
56 http fetch GET 200 https://registry.npmjs.org/read-cmd-shim 111ms (cache revalidated)
57 silly packumentCache full:https://registry.npmjs.org/read-cmd-shim set size:32871 disposed:false
58 silly fetch manifest data-uri-to-buffer@^4.0.0
59 silly packumentCache full:https://registry.npmjs.org/data-uri-to-buffer cache-miss
60 http fetch GET 200 https://registry.npmjs.org/proc-log 117ms (cache revalidated)
61 silly packumentCache full:https://registry.npmjs.org/proc-log set size:33530 disposed:false
62 silly fetch manifest fetch-blob@^3.1.4
63 silly packumentCache full:https://registry.npmjs.org/fetch-blob cache-miss
64 http fetch GET 200 https://registry.npmjs.org/write-file-atomic 183ms (cache revalidated)
65 silly packumentCache full:https://registry.npmjs.org/write-file-atomic set size:80317 disposed:false
66 silly fetch manifest formdata-polyfill@^4.0.10
67 silly packumentCache full:https://registry.npmjs.org/formdata-polyfill cache-miss
68 http fetch GET 200 https://registry.npmjs.org/agent-base 195ms (cache revalidated)
69 silly packumentCache full:https://registry.npmjs.org/agent-base set size:69775 disposed:false
70 silly fetch manifest chownr@^3.0.0
71 silly packumentCache full:https://registry.npmjs.org/chownr cache-miss
72 http fetch GET 200 https://registry.npmjs.org/npm-normalize-package-bin 203ms (cache revalidated)
73 silly packumentCache full:https://registry.npmjs.org/npm-normalize-package-bin set size:21739 disposed:false
74 silly fetch manifest mkdirp@^3.0.1
75 silly packumentCache full:https://registry.npmjs.org/mkdirp cache-miss
76 http fetch GET 200 https://registry.npmjs.org/debug 209ms (cache revalidated)
77 silly packumentCache full:https://registry.npmjs.org/debug set size:195840 disposed:false
78 silly fetch manifest yallist@^5.0.0
79 silly packumentCache full:https://registry.npmjs.org/yallist cache-miss
80 http fetch GET 200 https://registry.npmjs.org/fetch-blob 98ms (cache revalidated)
81 silly packumentCache full:https://registry.npmjs.org/fetch-blob set size:73704 disposed:false
82 silly fetch manifest minipass@^7.1.2
83 silly packumentCache full:https://registry.npmjs.org/minipass cache-miss
84 http fetch GET 200 https://registry.npmjs.org/data-uri-to-buffer 108ms (cache revalidated)
85 silly packumentCache full:https://registry.npmjs.org/data-uri-to-buffer set size:45636 disposed:false
86 silly fetch manifest minizlib@^3.0.1
87 silly packumentCache full:https://registry.npmjs.org/minizlib cache-miss
88 http fetch GET 200 https://registry.npmjs.org/formdata-polyfill 77ms (cache revalidated)
89 silly packumentCache full:https://registry.npmjs.org/formdata-polyfill set size:94446 disposed:false
90 silly fetch manifest @isaacs/fs-minipass@^4.0.0
91 silly packumentCache full:https://registry.npmjs.org/@isaacs%2ffs-minipass cache-miss
92 http fetch GET 200 https://registry.npmjs.org/chownr 96ms (cache revalidated)
93 silly packumentCache full:https://registry.npmjs.org/chownr set size:22157 disposed:false
94 http fetch GET 200 https://registry.npmjs.org/mkdirp 100ms (cache miss)
95 silly packumentCache full:https://registry.npmjs.org/mkdirp set size:undefined disposed:false
96 http fetch GET 200 https://registry.npmjs.org/minipass 94ms (cache revalidated)
97 silly packumentCache full:https://registry.npmjs.org/minipass set size:276925 disposed:false
98 http fetch GET 200 https://registry.npmjs.org/yallist 124ms (cache revalidated)
99 silly packumentCache full:https://registry.npmjs.org/yallist set size:34610 disposed:false
100 http fetch GET 200 https://registry.npmjs.org/minizlib 158ms (cache revalidated)
101 silly packumentCache full:https://registry.npmjs.org/minizlib set size:62862 disposed:false
102 http fetch GET 200 https://registry.npmjs.org/@isaacs%2ffs-minipass 185ms (cache revalidated)
103 silly packumentCache full:https://registry.npmjs.org/@isaacs%2ffs-minipass set size:7912 disposed:false
104 http fetch GET 200 https://registry.npmjs.org/cmd-shim 1398ms (cache revalidated)
105 silly packumentCache full:https://registry.npmjs.org/cmd-shim set size:54046 disposed:false
106 silly placeDep ROOT cmd-shim@7.0.0 OK for: bin-links@5.0.0 want: ^7.0.0
107 silly placeDep ROOT npm-normalize-package-bin@4.0.0 OK for: bin-links@5.0.0 want: ^4.0.0
108 silly placeDep ROOT proc-log@5.0.0 OK for: bin-links@5.0.0 want: ^5.0.0
109 silly placeDep ROOT read-cmd-shim@5.0.0 OK for: bin-links@5.0.0 want: ^5.0.0
110 silly placeDep ROOT write-file-atomic@6.0.0 OK for: bin-links@5.0.0 want: ^6.0.0
111 silly fetch manifest imurmurhash@^0.1.4
112 silly packumentCache full:https://registry.npmjs.org/imurmurhash cache-miss
113 silly fetch manifest signal-exit@^4.0.1
114 silly packumentCache full:https://registry.npmjs.org/signal-exit cache-miss
115 http fetch GET 200 https://registry.npmjs.org/imurmurhash 121ms (cache miss)
116 silly packumentCache full:https://registry.npmjs.org/imurmurhash set size:undefined disposed:false
117 http fetch GET 200 https://registry.npmjs.org/signal-exit 133ms (cache revalidated)
118 silly packumentCache full:https://registry.npmjs.org/signal-exit set size:53489 disposed:false
119 silly placeDep ROOT agent-base@7.1.4 OK for: https-proxy-agent@7.0.6 want: ^7.1.2
120 silly placeDep ROOT debug@4.4.3 OK for: https-proxy-agent@7.0.6 want: 4
121 silly fetch manifest ms@^2.1.3
122 silly packumentCache full:https://registry.npmjs.org/ms cache-miss
123 http fetch GET 200 https://registry.npmjs.org/ms 110ms (cache revalidated)
124 silly packumentCache full:https://registry.npmjs.org/ms set size:92208 disposed:false
125 silly placeDep ROOT ms@2.1.3 OK for: debug@4.4.3 want: ^2.1.3
126 silly placeDep ROOT data-uri-to-buffer@4.0.1 OK for: node-fetch@3.3.2 want: ^4.0.0
127 silly placeDep ROOT fetch-blob@3.2.0 OK for: node-fetch@3.3.2 want: ^3.1.4
128 silly placeDep ROOT formdata-polyfill@4.0.10 OK for: node-fetch@3.3.2 want: ^4.0.10
129 silly fetch manifest node-domexception@^1.0.0
130 silly packumentCache full:https://registry.npmjs.org/node-domexception cache-miss
131 silly fetch manifest web-streams-polyfill@^3.0.3
132 silly packumentCache full:https://registry.npmjs.org/web-streams-polyfill cache-miss
133 http fetch GET 200 https://registry.npmjs.org/node-domexception 84ms (cache revalidated)
134 silly packumentCache full:https://registry.npmjs.org/node-domexception set size:11516 disposed:false
135 http fetch GET 200 https://registry.npmjs.org/web-streams-polyfill 94ms (cache revalidated)
136 silly packumentCache full:https://registry.npmjs.org/web-streams-polyfill set size:136634 disposed:false
137 silly placeDep ROOT node-domexception@1.0.0 OK for: fetch-blob@3.2.0 want: ^1.0.0
138 silly placeDep ROOT web-streams-polyfill@3.3.3 OK for: fetch-blob@3.2.0 want: ^3.0.3
139 silly placeDep ROOT @isaacs/fs-minipass@4.0.1 OK for: tar@7.4.3 want: ^4.0.0
140 silly placeDep ROOT chownr@3.0.0 OK for: tar@7.4.3 want: ^3.0.0
141 silly placeDep ROOT minipass@7.1.3 OK for: tar@7.4.3 want: ^7.1.2
142 silly placeDep ROOT minizlib@3.1.0 OK for: tar@7.4.3 want: ^3.0.1
143 silly placeDep ROOT mkdirp@3.0.1 OK for: tar@7.4.3 want: ^3.0.1
144 silly placeDep ROOT yallist@5.0.0 OK for: tar@7.4.3 want: ^5.0.0
145 silly fetch manifest minipass@^7.0.4
146 silly packumentCache full:https://registry.npmjs.org/minipass cache-hit
147 silly placeDep ROOT imurmurhash@0.1.4 OK for: write-file-atomic@6.0.0 want: ^0.1.4
148 silly placeDep ROOT signal-exit@4.1.0 OK for: write-file-atomic@6.0.0 want: ^4.0.1
149 silly reify moves {}
150 silly audit bulk request {
150 silly audit   supabase: [ '2.39.2' ],
150 silly audit   'bin-links': [ '5.0.0' ],
150 silly audit   'https-proxy-agent': [ '7.0.6' ],
150 silly audit   'node-fetch': [ '3.3.2' ],
150 silly audit   tar: [ '7.4.3' ],
150 silly audit   'cmd-shim': [ '7.0.0' ],
150 silly audit   'npm-normalize-package-bin': [ '4.0.0' ],
150 silly audit   'proc-log': [ '5.0.0' ],
150 silly audit   'read-cmd-shim': [ '5.0.0' ],
150 silly audit   'write-file-atomic': [ '6.0.0' ],
150 silly audit   'agent-base': [ '7.1.4' ],
150 silly audit   debug: [ '4.4.3' ],
150 silly audit   ms: [ '2.1.3' ],
150 silly audit   'data-uri-to-buffer': [ '4.0.1' ],
150 silly audit   'fetch-blob': [ '3.2.0' ],
150 silly audit   'formdata-polyfill': [ '4.0.10' ],
150 silly audit   'node-domexception': [ '1.0.0' ],
150 silly audit   'web-streams-polyfill': [ '3.3.3' ],
150 silly audit   '@isaacs/fs-minipass': [ '4.0.1' ],
150 silly audit   chownr: [ '3.0.0' ],
150 silly audit   minipass: [ '7.1.3' ],
150 silly audit   minizlib: [ '3.1.0' ],
150 silly audit   mkdirp: [ '3.0.1' ],
150 silly audit   yallist: [ '5.0.0' ],
150 silly audit   imurmurhash: [ '0.1.4' ],
150 silly audit   'signal-exit': [ '4.1.0' ]
150 silly audit }
151 http cache signal-exit@https://registry.npmjs.org/signal-exit/-/signal-exit-4.1.0.tgz 0ms (cache hit)
152 http cache yallist@https://registry.npmjs.org/yallist/-/yallist-5.0.0.tgz 0ms (cache hit)
153 http cache imurmurhash@https://registry.npmjs.org/imurmurhash/-/imurmurhash-0.1.4.tgz 0ms (cache hit)
154 http cache @isaacs/fs-minipass@https://registry.npmjs.org/@isaacs/fs-minipass/-/fs-minipass-4.0.1.tgz 0ms (cache hit)
155 http cache mkdirp@https://registry.npmjs.org/mkdirp/-/mkdirp-3.0.1.tgz 0ms (cache hit)
156 http cache minizlib@https://registry.npmjs.org/minizlib/-/minizlib-3.1.0.tgz 0ms (cache hit)
157 http cache chownr@https://registry.npmjs.org/chownr/-/chownr-3.0.0.tgz 0ms (cache hit)
158 http cache minipass@https://registry.npmjs.org/minipass/-/minipass-7.1.3.tgz 0ms (cache hit)
159 http cache data-uri-to-buffer@https://registry.npmjs.org/data-uri-to-buffer/-/data-uri-to-buffer-4.0.1.tgz 0ms (cache hit)
160 http cache web-streams-polyfill@https://registry.npmjs.org/web-streams-polyfill/-/web-streams-polyfill-3.3.3.tgz 0ms (cache hit)
161 http cache node-domexception@https://registry.npmjs.org/node-domexception/-/node-domexception-1.0.0.tgz 0ms (cache hit)
162 http cache formdata-polyfill@https://registry.npmjs.org/formdata-polyfill/-/formdata-polyfill-4.0.10.tgz 0ms (cache hit)
163 http cache fetch-blob@https://registry.npmjs.org/fetch-blob/-/fetch-blob-3.2.0.tgz 0ms (cache hit)
164 http cache debug@https://registry.npmjs.org/debug/-/debug-4.4.3.tgz 0ms (cache hit)
165 http cache ms@https://registry.npmjs.org/ms/-/ms-2.1.3.tgz 0ms (cache hit)
166 http cache agent-base@https://registry.npmjs.org/agent-base/-/agent-base-7.1.4.tgz 0ms (cache hit)
167 http cache read-cmd-shim@https://registry.npmjs.org/read-cmd-shim/-/read-cmd-shim-5.0.0.tgz 0ms (cache hit)
168 http cache write-file-atomic@https://registry.npmjs.org/write-file-atomic/-/write-file-atomic-6.0.0.tgz 0ms (cache hit)
169 http cache npm-normalize-package-bin@https://registry.npmjs.org/npm-normalize-package-bin/-/npm-normalize-package-bin-4.0.0.tgz 0ms (cache hit)
170 http cache proc-log@https://registry.npmjs.org/proc-log/-/proc-log-5.0.0.tgz 0ms (cache hit)
171 http cache tar@https://registry.npmjs.org/tar/-/tar-7.4.3.tgz 0ms (cache hit)
172 http cache node-fetch@https://registry.npmjs.org/node-fetch/-/node-fetch-3.3.2.tgz 0ms (cache hit)
173 http cache cmd-shim@https://registry.npmjs.org/cmd-shim/-/cmd-shim-7.0.0.tgz 0ms (cache hit)
174 http cache https-proxy-agent@https://registry.npmjs.org/https-proxy-agent/-/https-proxy-agent-7.0.6.tgz 0ms (cache hit)
175 silly tarball no local data for imurmurhash@https://registry.npmjs.org/imurmurhash/-/imurmurhash-0.1.4.tgz. Extracting by manifest.
176 silly tarball no local data for mkdirp@https://registry.npmjs.org/mkdirp/-/mkdirp-3.0.1.tgz. Extracting by manifest.
177 http cache bin-links@https://registry.npmjs.org/bin-links/-/bin-links-5.0.0.tgz 0ms (cache hit)
178 http cache supabase@https://registry.npmjs.org/supabase/-/supabase-2.39.2.tgz 0ms (cache hit)
179 silly tarball no local data for read-cmd-shim@https://registry.npmjs.org/read-cmd-shim/-/read-cmd-shim-5.0.0.tgz. Extracting by manifest.
180 silly tarball no local data for write-file-atomic@https://registry.npmjs.org/write-file-atomic/-/write-file-atomic-6.0.0.tgz. Extracting by manifest.
181 silly tarball no local data for npm-normalize-package-bin@https://registry.npmjs.org/npm-normalize-package-bin/-/npm-normalize-package-bin-4.0.0.tgz. Extracting by manifest.
182 silly tarball no local data for proc-log@https://registry.npmjs.org/proc-log/-/proc-log-5.0.0.tgz. Extracting by manifest.
183 silly tarball no local data for tar@https://registry.npmjs.org/tar/-/tar-7.4.3.tgz. Extracting by manifest.
184 silly tarball no local data for cmd-shim@https://registry.npmjs.org/cmd-shim/-/cmd-shim-7.0.0.tgz. Extracting by manifest.
185 silly tarball no local data for bin-links@https://registry.npmjs.org/bin-links/-/bin-links-5.0.0.tgz. Extracting by manifest.
186 silly tarball no local data for supabase@https://registry.npmjs.org/supabase/-/supabase-2.39.2.tgz. Extracting by manifest.
187 http fetch GET 200 https://registry.npmjs.org/npm-normalize-package-bin/-/npm-normalize-package-bin-4.0.0.tgz 131ms (cache miss)
188 http fetch GET 200 https://registry.npmjs.org/imurmurhash/-/imurmurhash-0.1.4.tgz 135ms (cache miss)
189 http fetch GET 200 https://registry.npmjs.org/proc-log/-/proc-log-5.0.0.tgz 134ms (cache miss)
190 http fetch GET 200 https://registry.npmjs.org/read-cmd-shim/-/read-cmd-shim-5.0.0.tgz 135ms (cache miss)
191 http fetch GET 200 https://registry.npmjs.org/write-file-atomic/-/write-file-atomic-6.0.0.tgz 141ms (cache miss)
192 warn deprecated node-domexception@1.0.0: Use your platform's native DOMException instead
193 http fetch GET 200 https://registry.npmjs.org/cmd-shim/-/cmd-shim-7.0.0.tgz 231ms (cache miss)
194 http fetch GET 200 https://registry.npmjs.org/bin-links/-/bin-links-5.0.0.tgz 240ms (cache miss)
195 http fetch GET 200 https://registry.npmjs.org/mkdirp/-/mkdirp-3.0.1.tgz 271ms (cache miss)
196 http fetch POST 200 https://registry.npmjs.org/-/npm/v1/security/advisories/bulk 363ms
197 silly audit report {
197 silly audit report   tar: [
197 silly audit report     {
197 silly audit report       id: 1112659,
197 silly audit report       url: 'https://github.com/advisories/GHSA-34x7-hfp2-rc4v',
197 silly audit report       title: 'node-tar Vulnerable to Arbitrary File Creation/Overwrite via Hardlink Path Traversal',
197 silly audit report       severity: 'high',
197 silly audit report       vulnerable_versions: '<7.5.7',
197 silly audit report       cwe: [Array],
197 silly audit report       cvss: [Object]
197 silly audit report     },
197 silly audit report     {
197 silly audit report       id: 1113300,
197 silly audit report       url: 'https://github.com/advisories/GHSA-8qq5-rm4j-mr97',
197 silly audit report       title: 'node-tar is Vulnerable to Arbitrary File Overwrite and Symlink Poisoning via Insufficient Path Sanitization',
197 silly audit report       severity: 'high',
197 silly audit report       vulnerable_versions: '<=7.5.2',
197 silly audit report       cwe: [Array],
197 silly audit report       cvss: [Object]
197 silly audit report     },
197 silly audit report     {
197 silly audit report       id: 1113375,
197 silly audit report       url: 'https://github.com/advisories/GHSA-83g3-92jg-28cx',
197 silly audit report       title: 'Arbitrary File Read/Write via Hardlink Target Escape Through Symlink Chain in node-tar Extraction',
197 silly audit report       severity: 'high',
197 silly audit report       vulnerable_versions: '<7.5.8',
197 silly audit report       cwe: [Array],
197 silly audit report       cvss: [Object]
197 silly audit report     },
197 silly audit report     {
197 silly audit report       id: 1114200,
197 silly audit report       url: 'https://github.com/advisories/GHSA-qffp-2rhf-9h96',
197 silly audit report       title: 'tar has Hardlink Path Traversal via Drive-Relative Linkpath',
197 silly audit report       severity: 'high',
197 silly audit report       vulnerable_versions: '<=7.5.9',
197 silly audit report       cwe: [Array],
197 silly audit report       cvss: [Object]
197 silly audit report     },
197 silly audit report     {
197 silly audit report       id: 1114302,
197 silly audit report       url: 'https://github.com/advisories/GHSA-9ppj-qmqm-q256',
197 silly audit report       title: 'node-tar Symlink Path Traversal via Drive-Relative Linkpath',
197 silly audit report       severity: 'high',
197 silly audit report       vulnerable_versions: '<=7.5.10',
197 silly audit report       cwe: [Array],
197 silly audit report       cvss: [Object]
197 silly audit report     },
197 silly audit report     {
197 silly audit report       id: 1114680,
197 silly audit report       url: 'https://github.com/advisories/GHSA-r6q2-hw4h-h46w',
197 silly audit report       title: 'Race Condition in node-tar Path Reservations via Unicode Ligature Collisions on macOS APFS',
197 silly audit report       severity: 'high',
197 silly audit report       vulnerable_versions: '<=7.5.3',
197 silly audit report       cwe: [Array],
197 silly audit report       cvss: [Object]
197 silly audit report     }
197 silly audit report   ]
197 silly audit report }
198 silly packumentCache corgi:https://registry.npmjs.org/tar cache-miss
199 http fetch GET 200 https://registry.npmjs.org/tar/-/tar-7.4.3.tgz 571ms (cache miss)
200 warn deprecated tar@7.4.3: Old versions of tar are not supported, and contain widely publicized security vulnerabilities, which have been fixed in the current version. Please update. Support for old versions may be purchased (at exorbitant rates) by contacting i@izs.me
201 http fetch GET 200 https://registry.npmjs.org/tar 1544ms (cache miss)
202 silly packumentCache corgi:https://registry.npmjs.org/tar set size:undefined disposed:false
203 silly packumentCache corgi:https://registry.npmjs.org/supabase cache-miss
204 http cache https://registry.npmjs.org/supabase 11ms (cache hit)
205 silly packumentCache corgi:https://registry.npmjs.org/supabase set size:1183445 disposed:false
206 http fetch GET 200 https://registry.npmjs.org/supabase/-/supabase-2.39.2.tgz 2149ms (cache miss)
207 info run supabase@2.39.2 postinstall node_modules/supabase node scripts/postinstall.js
208 info run supabase@2.39.2 postinstall { code: 'EPERM', signal: undefined }
209 verbose stack Error: spawn EPERM
209 verbose stack     at ChildProcess.spawn (node:internal/child_process:421:11)
209 verbose stack     at spawn (node:child_process:795:9)
209 verbose stack     at promiseSpawn (C:\Program Files\nodejs\node_modules\npm\node_modules\@npmcli\promise-spawn\lib\index.js:39:16)
209 verbose stack     at spawnWithShell (C:\Program Files\nodejs\node_modules\npm\node_modules\@npmcli\promise-spawn\lib\index.js:124:10)
209 verbose stack     at promiseSpawn (C:\Program Files\nodejs\node_modules\npm\node_modules\@npmcli\promise-spawn\lib\index.js:12:12)
209 verbose stack     at runScriptPkg (C:\Program Files\nodejs\node_modules\npm\node_modules\@npmcli\run-script\lib\run-script-pkg.js:79:13)
209 verbose stack     at runScript (C:\Program Files\nodejs\node_modules\npm\node_modules\@npmcli\run-script\lib\run-script.js:9:12)
209 verbose stack     at C:\Program Files\nodejs\node_modules\npm\node_modules\@npmcli\arborist\lib\arborist\rebuild.js:331:17
209 verbose stack     at run (C:\Program Files\nodejs\node_modules\npm\node_modules\promise-call-limit\dist\commonjs\index.js:67:22)
209 verbose stack     at C:\Program Files\nodejs\node_modules\npm\node_modules\promise-call-limit\dist\commonjs\index.js:84:9
210 error code EPERM
211 error syscall spawn
212 error errno -4048
213 error Error: spawn EPERM
213 error     at ChildProcess.spawn (node:internal/child_process:421:11)
213 error     at spawn (node:child_process:795:9)
213 error     at promiseSpawn (C:\Program Files\nodejs\node_modules\npm\node_modules\@npmcli\promise-spawn\lib\index.js:39:16)
213 error     at spawnWithShell (C:\Program Files\nodejs\node_modules\npm\node_modules\@npmcli\promise-spawn\lib\index.js:124:10)
213 error     at promiseSpawn (C:\Program Files\nodejs\node_modules\npm\node_modules\@npmcli\promise-spawn\lib\index.js:12:12)
213 error     at runScriptPkg (C:\Program Files\nodejs\node_modules\npm\node_modules\@npmcli\run-script\lib\run-script-pkg.js:79:13)
213 error     at runScript (C:\Program Files\nodejs\node_modules\npm\node_modules\@npmcli\run-script\lib\run-script.js:9:12)
213 error     at C:\Program Files\nodejs\node_modules\npm\node_modules\@npmcli\arborist\lib\arborist\rebuild.js:331:17
213 error     at run (C:\Program Files\nodejs\node_modules\npm\node_modules\promise-call-limit\dist\commonjs\index.js:67:22)
213 error     at C:\Program Files\nodejs\node_modules\npm\node_modules\promise-call-limit\dist\commonjs\index.js:84:9 {
213 error   errno: -4048,
213 error   code: 'EPERM',
213 error   syscall: 'spawn'
213 error }
214 error
214 error The operation was rejected by your operating system.
214 error It's possible that the file was already in use (by a text editor or antivirus),
214 error or that you lack permissions to access it.
214 error
214 error If you believe this might be a permissions issue, please double-check the
214 error permissions of the file and its containing directories, or try running
214 error the command again as root/Administrator.
215 silly unfinished npm timer reify 1774116163217
216 silly unfinished npm timer reify:build 1774116167578
217 silly unfinished npm timer build 1774116167578
218 silly unfinished npm timer build:deps 1774116167578
219 silly unfinished npm timer build:run:postinstall 1774116167587
220 silly unfinished npm timer build:run:postinstall:node_modules/supabase 1774116167587
221 verbose cwd C:\Dev\Stockwise
222 verbose os Windows_NT 10.0.26200
223 verbose node v24.6.0
224 verbose npm  v11.5.1
225 verbose exit -4048
226 verbose code -4048
227 error A complete log of this run can be found in: C:\Dev\Stockwise\.npm-cache\_logs\2026-03-21T18_02_42_174Z-debug-0.log
