0 verbose cli C:\Program Files\nodejs\node.exe C:\Program Files\nodejs\node_modules\npm\bin\npm-cli.js
1 info using npm@11.5.1
2 info using node@v24.6.0
3 silly config load:file:C:\Program Files\nodejs\node_modules\npm\npmrc
4 silly config load:file:C:\Dev\Stockwise\.npmrc
5 silly config load:file:C:\Users\USER\.npmrc
6 silly config load:file:C:\Users\USER\AppData\Roaming\npm\etc\npmrc
7 verbose title npm exec supabase --version
8 verbose argv "exec" "--yes" "--" "supabase" "--version"
9 verbose logfile logs-max:10 dir:C:\Dev\Stockwise\.npm-cache\_logs\2026-03-20T21_43_24_554Z-
10 verbose logfile C:\Dev\Stockwise\.npm-cache\_logs\2026-03-20T21_43_24_554Z-debug-0.log
11 silly logfile done cleaning log files
12 silly packumentCache heap:4496293888 maxSize:1124073472 maxEntrySize:562036736
13 http fetch GET 200 https://registry.npmjs.org/npm 815ms
14 http fetch GET 200 https://registry.npmjs.org/supabase 309ms (cache miss)
15 silly packumentCache heap:4496293888 maxSize:1124073472 maxEntrySize:562036736
16 silly packumentCache heap:4496293888 maxSize:1124073472 maxEntrySize:562036736
17 silly idealTree buildDeps
18 silly fetch manifest supabase@2.83.0
19 silly packumentCache full:https://registry.npmjs.org/supabase cache-miss
20 http fetch GET 200 https://registry.npmjs.org/supabase 604ms (cache miss)
21 silly packumentCache full:https://registry.npmjs.org/supabase set size:undefined disposed:false
22 silly placeDep ROOT supabase@2.83.0 OK for:  want: 2.83.0
23 silly fetch manifest bin-links@^6.0.0
24 silly packumentCache full:https://registry.npmjs.org/bin-links cache-miss
25 silly fetch manifest https-proxy-agent@^7.0.2
26 silly packumentCache full:https://registry.npmjs.org/https-proxy-agent cache-miss
27 silly fetch manifest node-fetch@^3.3.2
28 silly packumentCache full:https://registry.npmjs.org/node-fetch cache-miss
29 silly fetch manifest tar@7.5.11
30 silly packumentCache full:https://registry.npmjs.org/tar cache-miss
31 http fetch GET 200 https://registry.npmjs.org/https-proxy-agent 69ms (cache miss)
32 silly packumentCache full:https://registry.npmjs.org/https-proxy-agent set size:undefined disposed:false
33 http fetch GET 200 https://registry.npmjs.org/tar 214ms (cache miss)
34 silly packumentCache full:https://registry.npmjs.org/tar set size:undefined disposed:false
35 http fetch GET 200 https://registry.npmjs.org/node-fetch 225ms (cache miss)
36 silly packumentCache full:https://registry.npmjs.org/node-fetch set size:undefined disposed:false
37 http fetch GET 200 https://registry.npmjs.org/bin-links 655ms (cache miss)
38 silly packumentCache full:https://registry.npmjs.org/bin-links set size:undefined disposed:false
39 silly placeDep ROOT bin-links@6.0.0 OK for: supabase@2.83.0 want: ^6.0.0
40 silly placeDep ROOT https-proxy-agent@7.0.6 OK for: supabase@2.83.0 want: ^7.0.2
41 silly placeDep ROOT node-fetch@3.3.2 OK for: supabase@2.83.0 want: ^3.3.2
42 silly placeDep ROOT tar@7.5.11 OK for: supabase@2.83.0 want: 7.5.11
43 silly fetch manifest cmd-shim@^8.0.0
44 silly packumentCache full:https://registry.npmjs.org/cmd-shim cache-miss
45 silly fetch manifest proc-log@^6.0.0
46 silly packumentCache full:https://registry.npmjs.org/proc-log cache-miss
47 silly fetch manifest read-cmd-shim@^6.0.0
48 silly packumentCache full:https://registry.npmjs.org/read-cmd-shim cache-miss
49 silly fetch manifest write-file-atomic@^7.0.0
50 silly packumentCache full:https://registry.npmjs.org/write-file-atomic cache-miss
51 silly fetch manifest npm-normalize-package-bin@^5.0.0
52 silly packumentCache full:https://registry.npmjs.org/npm-normalize-package-bin cache-miss
53 silly fetch manifest debug@4
54 silly packumentCache full:https://registry.npmjs.org/debug cache-miss
55 silly fetch manifest agent-base@^7.1.2
56 silly packumentCache full:https://registry.npmjs.org/agent-base cache-miss
57 http fetch GET 200 https://registry.npmjs.org/proc-log 68ms (cache miss)
58 silly packumentCache full:https://registry.npmjs.org/proc-log set size:undefined disposed:false
59 silly fetch manifest data-uri-to-buffer@^4.0.0
60 silly packumentCache full:https://registry.npmjs.org/data-uri-to-buffer cache-miss
61 http fetch GET 200 https://registry.npmjs.org/write-file-atomic 69ms (cache miss)
62 silly packumentCache full:https://registry.npmjs.org/write-file-atomic set size:undefined disposed:false
63 silly fetch manifest fetch-blob@^3.1.4
64 silly packumentCache full:https://registry.npmjs.org/fetch-blob cache-miss
65 http fetch GET 200 https://registry.npmjs.org/data-uri-to-buffer 71ms (cache miss)
66 silly packumentCache full:https://registry.npmjs.org/data-uri-to-buffer set size:undefined disposed:false
67 silly fetch manifest formdata-polyfill@^4.0.10
68 silly packumentCache full:https://registry.npmjs.org/formdata-polyfill cache-miss
69 http fetch GET 200 https://registry.npmjs.org/fetch-blob 70ms (cache miss)
70 silly packumentCache full:https://registry.npmjs.org/fetch-blob set size:undefined disposed:false
71 silly fetch manifest chownr@^3.0.0
72 silly packumentCache full:https://registry.npmjs.org/chownr cache-miss
73 http fetch GET 200 https://registry.npmjs.org/npm-normalize-package-bin 174ms (cache miss)
74 silly packumentCache full:https://registry.npmjs.org/npm-normalize-package-bin set size:undefined disposed:false
75 silly fetch manifest yallist@^5.0.0
76 silly packumentCache full:https://registry.npmjs.org/yallist cache-miss
77 http fetch GET 200 https://registry.npmjs.org/debug 199ms (cache miss)
78 silly packumentCache full:https://registry.npmjs.org/debug set size:undefined disposed:false
79 silly fetch manifest minipass@^7.1.2
80 silly packumentCache full:https://registry.npmjs.org/minipass cache-miss
81 http fetch GET 200 https://registry.npmjs.org/formdata-polyfill 71ms (cache miss)
82 silly packumentCache full:https://registry.npmjs.org/formdata-polyfill set size:undefined disposed:false
83 silly fetch manifest minizlib@^3.1.0
84 silly packumentCache full:https://registry.npmjs.org/minizlib cache-miss
85 http fetch GET 200 https://registry.npmjs.org/chownr 70ms (cache miss)
86 silly packumentCache full:https://registry.npmjs.org/chownr set size:undefined disposed:false
87 silly fetch manifest @isaacs/fs-minipass@^4.0.0
88 silly packumentCache full:https://registry.npmjs.org/@isaacs%2ffs-minipass cache-miss
89 http fetch GET 200 https://registry.npmjs.org/agent-base 217ms (cache miss)
90 silly packumentCache full:https://registry.npmjs.org/agent-base set size:undefined disposed:false
91 http fetch GET 200 https://registry.npmjs.org/yallist 69ms (cache miss)
92 silly packumentCache full:https://registry.npmjs.org/yallist set size:undefined disposed:false
93 http fetch GET 200 https://registry.npmjs.org/minizlib 68ms (cache miss)
94 silly packumentCache full:https://registry.npmjs.org/minizlib set size:undefined disposed:false
95 http fetch GET 200 https://registry.npmjs.org/@isaacs%2ffs-minipass 96ms (cache miss)
96 silly packumentCache full:https://registry.npmjs.org/@isaacs%2ffs-minipass set size:undefined disposed:false
97 http fetch GET 200 https://registry.npmjs.org/minipass 108ms (cache miss)
98 silly packumentCache full:https://registry.npmjs.org/minipass set size:undefined disposed:false
99 http fetch GET 200 https://registry.npmjs.org/read-cmd-shim 664ms (cache miss)
100 silly packumentCache full:https://registry.npmjs.org/read-cmd-shim set size:undefined disposed:false
101 http fetch GET 200 https://registry.npmjs.org/cmd-shim 689ms (cache miss)
102 silly packumentCache full:https://registry.npmjs.org/cmd-shim set size:undefined disposed:false
103 silly placeDep ROOT cmd-shim@8.0.0 OK for: bin-links@6.0.0 want: ^8.0.0
104 silly placeDep ROOT npm-normalize-package-bin@5.0.0 OK for: bin-links@6.0.0 want: ^5.0.0
105 silly placeDep ROOT proc-log@6.1.0 OK for: bin-links@6.0.0 want: ^6.0.0
106 silly placeDep ROOT read-cmd-shim@6.0.0 OK for: bin-links@6.0.0 want: ^6.0.0
107 silly placeDep ROOT write-file-atomic@7.0.1 OK for: bin-links@6.0.0 want: ^7.0.0
108 silly fetch manifest signal-exit@^4.0.1
109 silly packumentCache full:https://registry.npmjs.org/signal-exit cache-miss
110 http fetch GET 200 https://registry.npmjs.org/signal-exit 66ms (cache miss)
111 silly packumentCache full:https://registry.npmjs.org/signal-exit set size:undefined disposed:false
112 silly placeDep ROOT agent-base@7.1.4 OK for: https-proxy-agent@7.0.6 want: ^7.1.2
113 silly placeDep ROOT debug@4.4.3 OK for: https-proxy-agent@7.0.6 want: 4
114 silly fetch manifest ms@^2.1.3
115 silly packumentCache full:https://registry.npmjs.org/ms cache-miss
116 http fetch GET 200 https://registry.npmjs.org/ms 67ms (cache miss)
117 silly packumentCache full:https://registry.npmjs.org/ms set size:undefined disposed:false
118 silly placeDep ROOT ms@2.1.3 OK for: debug@4.4.3 want: ^2.1.3
119 silly placeDep ROOT data-uri-to-buffer@4.0.1 OK for: node-fetch@3.3.2 want: ^4.0.0
120 silly placeDep ROOT fetch-blob@3.2.0 OK for: node-fetch@3.3.2 want: ^3.1.4
121 silly placeDep ROOT formdata-polyfill@4.0.10 OK for: node-fetch@3.3.2 want: ^4.0.10
122 silly fetch manifest node-domexception@^1.0.0
123 silly packumentCache full:https://registry.npmjs.org/node-domexception cache-miss
124 silly fetch manifest web-streams-polyfill@^3.0.3
125 silly packumentCache full:https://registry.npmjs.org/web-streams-polyfill cache-miss
126 http fetch GET 200 https://registry.npmjs.org/node-domexception 69ms (cache miss)
127 silly packumentCache full:https://registry.npmjs.org/node-domexception set size:undefined disposed:false
128 http fetch GET 200 https://registry.npmjs.org/web-streams-polyfill 70ms (cache miss)
129 silly packumentCache full:https://registry.npmjs.org/web-streams-polyfill set size:undefined disposed:false
130 silly placeDep ROOT node-domexception@1.0.0 OK for: fetch-blob@3.2.0 want: ^1.0.0
131 silly placeDep ROOT web-streams-polyfill@3.3.3 OK for: fetch-blob@3.2.0 want: ^3.0.3
132 silly placeDep ROOT @isaacs/fs-minipass@4.0.1 OK for: tar@7.5.11 want: ^4.0.0
133 silly placeDep ROOT chownr@3.0.0 OK for: tar@7.5.11 want: ^3.0.0
134 silly placeDep ROOT minipass@7.1.3 OK for: tar@7.5.11 want: ^7.1.2
135 silly placeDep ROOT minizlib@3.1.0 OK for: tar@7.5.11 want: ^3.1.0
136 silly placeDep ROOT yallist@5.0.0 OK for: tar@7.5.11 want: ^5.0.0
137 silly fetch manifest minipass@^7.0.4
138 silly packumentCache full:https://registry.npmjs.org/minipass cache-miss
139 http cache https://registry.npmjs.org/minipass 10ms (cache hit)
140 silly packumentCache full:https://registry.npmjs.org/minipass set size:276925 disposed:false
141 silly placeDep ROOT signal-exit@4.1.0 OK for: write-file-atomic@7.0.1 want: ^4.0.1
142 silly reify moves {}
143 silly audit bulk request {
143 silly audit   supabase: [ '2.83.0' ],
143 silly audit   'bin-links': [ '6.0.0' ],
143 silly audit   'https-proxy-agent': [ '7.0.6' ],
143 silly audit   'node-fetch': [ '3.3.2' ],
143 silly audit   tar: [ '7.5.11' ],
143 silly audit   'cmd-shim': [ '8.0.0' ],
143 silly audit   'npm-normalize-package-bin': [ '5.0.0' ],
143 silly audit   'proc-log': [ '6.1.0' ],
143 silly audit   'read-cmd-shim': [ '6.0.0' ],
143 silly audit   'write-file-atomic': [ '7.0.1' ],
143 silly audit   'agent-base': [ '7.1.4' ],
143 silly audit   debug: [ '4.4.3' ],
143 silly audit   ms: [ '2.1.3' ],
143 silly audit   'data-uri-to-buffer': [ '4.0.1' ],
143 silly audit   'fetch-blob': [ '3.2.0' ],
143 silly audit   'formdata-polyfill': [ '4.0.10' ],
143 silly audit   'node-domexception': [ '1.0.0' ],
143 silly audit   'web-streams-polyfill': [ '3.3.3' ],
143 silly audit   '@isaacs/fs-minipass': [ '4.0.1' ],
143 silly audit   chownr: [ '3.0.0' ],
143 silly audit   minipass: [ '7.1.3' ],
143 silly audit   minizlib: [ '3.1.0' ],
143 silly audit   yallist: [ '5.0.0' ],
143 silly audit   'signal-exit': [ '4.1.0' ]
143 silly audit }
144 http cache yallist@https://registry.npmjs.org/yallist/-/yallist-5.0.0.tgz 0ms (cache hit)
145 http cache signal-exit@https://registry.npmjs.org/signal-exit/-/signal-exit-4.1.0.tgz 0ms (cache hit)
146 http cache @isaacs/fs-minipass@https://registry.npmjs.org/@isaacs/fs-minipass/-/fs-minipass-4.0.1.tgz 0ms (cache hit)
147 http cache chownr@https://registry.npmjs.org/chownr/-/chownr-3.0.0.tgz 0ms (cache hit)
148 http cache minizlib@https://registry.npmjs.org/minizlib/-/minizlib-3.1.0.tgz 0ms (cache hit)
149 http cache minipass@https://registry.npmjs.org/minipass/-/minipass-7.1.3.tgz 0ms (cache hit)
150 http cache web-streams-polyfill@https://registry.npmjs.org/web-streams-polyfill/-/web-streams-polyfill-3.3.3.tgz 0ms (cache hit)
151 http cache node-domexception@https://registry.npmjs.org/node-domexception/-/node-domexception-1.0.0.tgz 0ms (cache hit)
152 http cache formdata-polyfill@https://registry.npmjs.org/formdata-polyfill/-/formdata-polyfill-4.0.10.tgz 1ms (cache hit)
153 http cache fetch-blob@https://registry.npmjs.org/fetch-blob/-/fetch-blob-3.2.0.tgz 0ms (cache hit)
154 http cache ms@https://registry.npmjs.org/ms/-/ms-2.1.3.tgz 0ms (cache hit)
155 http cache data-uri-to-buffer@https://registry.npmjs.org/data-uri-to-buffer/-/data-uri-to-buffer-4.0.1.tgz 0ms (cache hit)
156 http cache debug@https://registry.npmjs.org/debug/-/debug-4.4.3.tgz 0ms (cache hit)
157 http cache agent-base@https://registry.npmjs.org/agent-base/-/agent-base-7.1.4.tgz 0ms (cache hit)
158 http cache write-file-atomic@https://registry.npmjs.org/write-file-atomic/-/write-file-atomic-7.0.1.tgz 0ms (cache hit)
159 http cache read-cmd-shim@https://registry.npmjs.org/read-cmd-shim/-/read-cmd-shim-6.0.0.tgz 0ms (cache hit)
160 http cache proc-log@https://registry.npmjs.org/proc-log/-/proc-log-6.1.0.tgz 0ms (cache hit)
161 http cache cmd-shim@https://registry.npmjs.org/cmd-shim/-/cmd-shim-8.0.0.tgz 0ms (cache hit)
162 http cache tar@https://registry.npmjs.org/tar/-/tar-7.5.11.tgz 0ms (cache hit)
163 http cache https-proxy-agent@https://registry.npmjs.org/https-proxy-agent/-/https-proxy-agent-7.0.6.tgz 0ms (cache hit)
164 http cache npm-normalize-package-bin@https://registry.npmjs.org/npm-normalize-package-bin/-/npm-normalize-package-bin-5.0.0.tgz 0ms (cache hit)
165 silly tarball no local data for yallist@https://registry.npmjs.org/yallist/-/yallist-5.0.0.tgz. Extracting by manifest.
166 silly tarball no local data for signal-exit@https://registry.npmjs.org/signal-exit/-/signal-exit-4.1.0.tgz. Extracting by manifest.
167 silly tarball no local data for @isaacs/fs-minipass@https://registry.npmjs.org/@isaacs/fs-minipass/-/fs-minipass-4.0.1.tgz. Extracting by manifest.
168 silly tarball no local data for chownr@https://registry.npmjs.org/chownr/-/chownr-3.0.0.tgz. Extracting by manifest.
169 silly tarball no local data for minizlib@https://registry.npmjs.org/minizlib/-/minizlib-3.1.0.tgz. Extracting by manifest.
170 silly tarball no local data for minipass@https://registry.npmjs.org/minipass/-/minipass-7.1.3.tgz. Extracting by manifest.
171 silly tarball no local data for web-streams-polyfill@https://registry.npmjs.org/web-streams-polyfill/-/web-streams-polyfill-3.3.3.tgz. Extracting by manifest.
172 silly tarball no local data for node-domexception@https://registry.npmjs.org/node-domexception/-/node-domexception-1.0.0.tgz. Extracting by manifest.
173 silly tarball no local data for formdata-polyfill@https://registry.npmjs.org/formdata-polyfill/-/formdata-polyfill-4.0.10.tgz. Extracting by manifest.
174 silly tarball no local data for fetch-blob@https://registry.npmjs.org/fetch-blob/-/fetch-blob-3.2.0.tgz. Extracting by manifest.
175 silly tarball no local data for ms@https://registry.npmjs.org/ms/-/ms-2.1.3.tgz. Extracting by manifest.
176 silly tarball no local data for data-uri-to-buffer@https://registry.npmjs.org/data-uri-to-buffer/-/data-uri-to-buffer-4.0.1.tgz. Extracting by manifest.
177 silly tarball no local data for debug@https://registry.npmjs.org/debug/-/debug-4.4.3.tgz. Extracting by manifest.
178 silly tarball no local data for agent-base@https://registry.npmjs.org/agent-base/-/agent-base-7.1.4.tgz. Extracting by manifest.
179 silly tarball no local data for write-file-atomic@https://registry.npmjs.org/write-file-atomic/-/write-file-atomic-7.0.1.tgz. Extracting by manifest.
180 silly tarball no local data for read-cmd-shim@https://registry.npmjs.org/read-cmd-shim/-/read-cmd-shim-6.0.0.tgz. Extracting by manifest.
181 silly tarball no local data for proc-log@https://registry.npmjs.org/proc-log/-/proc-log-6.1.0.tgz. Extracting by manifest.
182 silly tarball no local data for cmd-shim@https://registry.npmjs.org/cmd-shim/-/cmd-shim-8.0.0.tgz. Extracting by manifest.
183 http cache node-fetch@https://registry.npmjs.org/node-fetch/-/node-fetch-3.3.2.tgz 0ms (cache hit)
184 silly tarball no local data for tar@https://registry.npmjs.org/tar/-/tar-7.5.11.tgz. Extracting by manifest.
185 silly tarball no local data for https-proxy-agent@https://registry.npmjs.org/https-proxy-agent/-/https-proxy-agent-7.0.6.tgz. Extracting by manifest.
186 silly tarball no local data for npm-normalize-package-bin@https://registry.npmjs.org/npm-normalize-package-bin/-/npm-normalize-package-bin-5.0.0.tgz. Extracting by manifest.
187 http cache supabase@https://registry.npmjs.org/supabase/-/supabase-2.83.0.tgz 0ms (cache hit)
188 http cache bin-links@https://registry.npmjs.org/bin-links/-/bin-links-6.0.0.tgz 0ms (cache hit)
189 silly tarball no local data for node-fetch@https://registry.npmjs.org/node-fetch/-/node-fetch-3.3.2.tgz. Extracting by manifest.
190 silly tarball no local data for supabase@https://registry.npmjs.org/supabase/-/supabase-2.83.0.tgz. Extracting by manifest.
191 silly tarball no local data for bin-links@https://registry.npmjs.org/bin-links/-/bin-links-6.0.0.tgz. Extracting by manifest.
192 http fetch GET 200 https://registry.npmjs.org/proc-log/-/proc-log-6.1.0.tgz 265ms (cache miss)
193 http fetch GET 200 https://registry.npmjs.org/cmd-shim/-/cmd-shim-8.0.0.tgz 266ms (cache miss)
194 warn tar TAR_ENTRY_ERROR ENOENT: no such file or directory, rename 'C:\Dev\Stockwise\.npm-cache\_npx\aa8e5c70f9d8d161\node_modules\https-proxy-agent\dist\index.js' -> 'C:\Dev\Stockwise\.npm-cache\_npx\aa8e5c70f9d8d161\node_modules\https-proxy-agent\dist\index.js.DELETE.ecf4edade5de877f152e3d79589dbfc8'
195 silly tar TAR_ENTRY_ERROR ENOENT: no such file or directory, rename 'C:\Dev\Stockwise\.npm-cache\_npx\aa8e5c70f9d8d161\node_modules\https-proxy-agent\dist\index.js' -> 'C:\Dev\Stockwise\.npm-cache\_npx\aa8e5c70f9d8d161\node_modules\https-proxy-agent\dist\index.js.DELETE.ecf4edade5de877f152e3d79589dbfc8' [Error: ENOENT: no such file or directory, rename 'C:\Dev\Stockwise\.npm-cache\_npx\aa8e5c70f9d8d161\node_modules\https-proxy-agent\dist\index.js' -> 'C:\Dev\Stockwise\.npm-cache\_npx\aa8e5c70f9d8d161\node_modules\https-proxy-agent\dist\index.js.DELETE.ecf4edade5de877f152e3d79589dbfc8'] {
195 silly tar   errno: -4058,
195 silly tar   code: 'ENOENT',
195 silly tar   syscall: 'rename',
195 silly tar   path: 'C:\\Dev\\Stockwise\\.npm-cache\\_npx\\aa8e5c70f9d8d161\\node_modules\\https-proxy-agent\\dist\\index.js',
195 silly tar   dest: 'C:\\Dev\\Stockwise\\.npm-cache\\_npx\\aa8e5c70f9d8d161\\node_modules\\https-proxy-agent\\dist\\index.js.DELETE.ecf4edade5de877f152e3d79589dbfc8',
195 silly tar   entry: ReadEntry {
195 silly tar     _events: [Object: null prototype] { end: [Function (anonymous)] },
195 silly tar     _eventsCount: 1,
195 silly tar     _maxListeners: undefined,
195 silly tar     writable: false,
195 silly tar     readable: true,
195 silly tar     extended: null,
195 silly tar     globalExtended: null,
195 silly tar     header: Header {
195 silly tar       cksumValid: true,
195 silly tar       needPax: false,
195 silly tar       nullBlock: false,
195 silly tar       block: null,
195 silly tar       path: 'package/dist/index.js',
195 silly tar       mode: 420,
195 silly tar       uid: 0,
195 silly tar       gid: 0,
195 silly tar       size: 7451,
195 silly tar       mtime: 1985-10-26T08:15:00.000Z,
195 silly tar       cksum: 5791,
195 silly tar       linkpath: '',
195 silly tar       uname: '',
195 silly tar       gname: '',
195 silly tar       devmaj: 0,
195 silly tar       devmin: 0,
195 silly tar       atime: null,
195 silly tar       ctime: null,
195 silly tar       Symbol(type): '0'
195 silly tar     },
195 silly tar     startBlockSize: 7680,
195 silly tar     blockRemain: 0,
195 silly tar     remain: 0,
195 silly tar     type: 'File',
195 silly tar     meta: false,
195 silly tar     ignore: false,
195 silly tar     path: 'dist/index.js',
195 silly tar     mode: 438,
195 silly tar     uid: 0,
195 silly tar     gid: 0,
195 silly tar     uname: '',
195 silly tar     gname: '',
195 silly tar     size: 7451,
195 silly tar     mtime: 1985-10-26T08:15:00.000Z,
195 silly tar     atime: null,
195 silly tar     ctime: null,
195 silly tar     linkpath: '',
195 silly tar     absolute: 'C:/Dev/Stockwise/.npm-cache/_npx/aa8e5c70f9d8d161/node_modules/https-proxy-agent/dist/index.js',
195 silly tar     Symbol(shapeMode): false,
195 silly tar     Symbol(kCapture): false,
195 silly tar     Symbol(flowing): false,
195 silly tar     Symbol(paused): true,
195 silly tar     Symbol(pipes): [],
195 silly tar     Symbol(buffer): [
195 silly tar       <Buffer 22 75 73 65 20 73 74 72 69 63 74 22 3b 0a 76 61 72 20 5f 5f 63 72 65 61 74 65 42 69 6e 64 69 6e 67 20 3d 20 28 74 68 69 73 20 26 26 20 74 68 69 73 2e ... 7401 more bytes>
195 silly tar     ],
195 silly tar     Symbol(objectMode): false,
195 silly tar     Symbol(encoding): null,
195 silly tar     Symbol(async): false,
195 silly tar     Symbol(decoder): null,
195 silly tar     Symbol(EOF): true,
195 silly tar     Symbol(emittedEnd): false,
195 silly tar     Symbol(emittingEnd): false,
195 silly tar     Symbol(closed): false,
195 silly tar     Symbol(emittedError): null,
195 silly tar     Symbol(bufferLength): 7451,
195 silly tar     Symbol(destroyed): false,
195 silly tar     Symbol(signal): undefined,
195 silly tar     Symbol(aborted): false
195 silly tar   },
195 silly tar   cwd: 'C:/Dev/Stockwise/.npm-cache/_npx/aa8e5c70f9d8d161/node_modules/https-proxy-agent',
195 silly tar   tarCode: 'TAR_ENTRY_ERROR'
195 silly tar }
196 http fetch GET 200 https://registry.npmjs.org/read-cmd-shim/-/read-cmd-shim-6.0.0.tgz 366ms (cache miss)
197 http fetch POST 200 https://registry.npmjs.org/-/npm/v1/security/advisories/bulk 404ms
198 silly audit report {}
199 http fetch GET 200 https://registry.npmjs.org/npm-normalize-package-bin/-/npm-normalize-package-bin-5.0.0.tgz 392ms (cache miss)
200 http fetch GET 200 https://registry.npmjs.org/write-file-atomic/-/write-file-atomic-7.0.1.tgz 397ms (cache miss)
201 http fetch GET 200 https://registry.npmjs.org/bin-links/-/bin-links-6.0.0.tgz 371ms (cache miss)
202 http fetch GET 200 https://registry.npmjs.org/ms/-/ms-2.1.3.tgz 403ms (cache miss)
203 http fetch GET 200 https://registry.npmjs.org/chownr/-/chownr-3.0.0.tgz 409ms (cache miss)
204 http fetch GET 200 https://registry.npmjs.org/supabase/-/supabase-2.83.0.tgz 403ms (cache miss)
205 http fetch GET 200 https://registry.npmjs.org/data-uri-to-buffer/-/data-uri-to-buffer-4.0.1.tgz 460ms (cache miss)
206 warn tar TAR_ENTRY_ERROR UNKNOWN: unknown error, open 'C:\Dev\Stockwise\.npm-cache\_npx\aa8e5c70f9d8d161\node_modules\minizlib\dist\esm\index.js.map'
207 silly tar TAR_ENTRY_ERROR UNKNOWN: unknown error, open 'C:\Dev\Stockwise\.npm-cache\_npx\aa8e5c70f9d8d161\node_modules\minizlib\dist\esm\index.js.map' [Error: UNKNOWN: unknown error, open 'C:\Dev\Stockwise\.npm-cache\_npx\aa8e5c70f9d8d161\node_modules\minizlib\dist\esm\index.js.map'] {
207 silly tar   errno: -4094,
207 silly tar   code: 'UNKNOWN',
207 silly tar   syscall: 'open',
207 silly tar   path: 'C:\\Dev\\Stockwise\\.npm-cache\\_npx\\aa8e5c70f9d8d161\\node_modules\\minizlib\\dist\\esm\\index.js.map',
207 silly tar   entry: ReadEntry {
207 silly tar     _events: [Object: null prototype] { end: [Function (anonymous)] },
207 silly tar     _eventsCount: 1,
207 silly tar     _maxListeners: undefined,
207 silly tar     writable: false,
207 silly tar     readable: true,
207 silly tar     extended: null,
207 silly tar     globalExtended: null,
207 silly tar     header: Header {
207 silly tar       cksumValid: true,
207 silly tar       needPax: false,
207 silly tar       nullBlock: false,
207 silly tar       block: null,
207 silly tar       path: 'package/dist/esm/index.js.map',
207 silly tar       mode: 420,
207 silly tar       uid: null,
207 silly tar       gid: null,
207 silly tar       size: 24369,
207 silly tar       mtime: 1985-10-26T08:15:00.000Z,
207 silly tar       cksum: 5797,
207 silly tar       linkpath: '',
207 silly tar       uname: '',
207 silly tar       gname: '',
207 silly tar       devmaj: 0,
207 silly tar       devmin: 0,
207 silly tar       atime: null,
207 silly tar       ctime: null,
207 silly tar       Symbol(type): '0'
207 silly tar     },
207 silly tar     startBlockSize: 24576,
207 silly tar     blockRemain: 0,
207 silly tar     remain: 0,
207 silly tar     type: 'File',
207 silly tar     meta: false,
207 silly tar     ignore: false,
207 silly tar     path: 'dist/esm/index.js.map',
207 silly tar     mode: 438,
207 silly tar     uid: null,
207 silly tar     gid: null,
207 silly tar     uname: '',
207 silly tar     gname: '',
207 silly tar     size: 24369,
207 silly tar     mtime: 1985-10-26T08:15:00.000Z,
207 silly tar     atime: null,
207 silly tar     ctime: null,
207 silly tar     linkpath: '',
207 silly tar     absolute: 'C:/Dev/Stockwise/.npm-cache/_npx/aa8e5c70f9d8d161/node_modules/minizlib/dist/esm/index.js.map',
207 silly tar     Symbol(shapeMode): false,
207 silly tar     Symbol(kCapture): false,
207 silly tar     Symbol(flowing): false,
207 silly tar     Symbol(paused): true,
207 silly tar     Symbol(pipes): [ [Pipe] ],
207 silly tar     Symbol(buffer): [
207 silly tar       <Buffer 6c 5a 6c 69 62 2e 49 6e 66 6c 61 74 65 5c 6e 20 20 7c 20 72 65 61 6c 5a 6c 69 62 2e 44 65 66 6c 61 74 65 52 61 77 5c 6e 20 20 7c 20 72 65 61 6c 5a 6c ... 11986 more bytes>
207 silly tar     ],
207 silly tar     Symbol(objectMode): false,
207 silly tar     Symbol(encoding): null,
207 silly tar     Symbol(async): false,
207 silly tar     Symbol(decoder): null,
207 silly tar     Symbol(EOF): true,
207 silly tar     Symbol(emittedEnd): false,
207 silly tar     Symbol(emittingEnd): false,
207 silly tar     Symbol(closed): false,
207 silly tar     Symbol(emittedError): null,
207 silly tar     Symbol(bufferLength): 12036,
207 silly tar     Symbol(destroyed): false,
207 silly tar     Symbol(signal): undefined,
207 silly tar     Symbol(aborted): false
207 silly tar   },
207 silly tar   cwd: 'C:/Dev/Stockwise/.npm-cache/_npx/aa8e5c70f9d8d161/node_modules/minizlib',
207 silly tar   tarCode: 'TAR_ENTRY_ERROR'
207 silly tar }
208 http fetch GET 200 https://registry.npmjs.org/debug/-/debug-4.4.3.tgz 524ms (cache miss)
209 http fetch GET 200 https://registry.npmjs.org/@isaacs/fs-minipass/-/fs-minipass-4.0.1.tgz 533ms (cache miss)
210 http fetch GET 200 https://registry.npmjs.org/formdata-polyfill/-/formdata-polyfill-4.0.10.tgz 535ms (cache miss)
211 http fetch GET 200 https://registry.npmjs.org/fetch-blob/-/fetch-blob-3.2.0.tgz 536ms (cache miss)
212 http fetch GET 200 https://registry.npmjs.org/https-proxy-agent/-/https-proxy-agent-7.0.6.tgz 538ms (cache miss)
213 http fetch GET 200 https://registry.npmjs.org/yallist/-/yallist-5.0.0.tgz 548ms (cache miss)
214 http fetch GET 200 https://registry.npmjs.org/minipass/-/minipass-7.1.3.tgz 546ms (cache miss)
215 http fetch GET 200 https://registry.npmjs.org/minizlib/-/minizlib-3.1.0.tgz 557ms (cache miss)
216 http fetch GET 200 https://registry.npmjs.org/agent-base/-/agent-base-7.1.4.tgz 563ms (cache miss)
217 http fetch GET 200 https://registry.npmjs.org/signal-exit/-/signal-exit-4.1.0.tgz 609ms (cache miss)
218 http fetch GET 200 https://registry.npmjs.org/node-fetch/-/node-fetch-3.3.2.tgz 589ms (cache miss)
219 http fetch GET 200 https://registry.npmjs.org/node-domexception/-/node-domexception-1.0.0.tgz 693ms (cache miss)
220 warn deprecated node-domexception@1.0.0: Use your platform's native DOMException instead
221 http fetch GET 200 https://registry.npmjs.org/web-streams-polyfill/-/web-streams-polyfill-3.3.3.tgz 1205ms (cache miss)
222 http fetch GET 200 https://registry.npmjs.org/tar/-/tar-7.5.11.tgz 1582ms (cache miss)
223 info run supabase@2.83.0 postinstall node_modules/supabase node scripts/postinstall.js
224 info run supabase@2.83.0 postinstall { code: 'EPERM', signal: undefined }
225 verbose stack Error: spawn EPERM
225 verbose stack     at ChildProcess.spawn (node:internal/child_process:421:11)
225 verbose stack     at spawn (node:child_process:795:9)
225 verbose stack     at promiseSpawn (C:\Program Files\nodejs\node_modules\npm\node_modules\@npmcli\promise-spawn\lib\index.js:39:16)
225 verbose stack     at spawnWithShell (C:\Program Files\nodejs\node_modules\npm\node_modules\@npmcli\promise-spawn\lib\index.js:124:10)
225 verbose stack     at promiseSpawn (C:\Program Files\nodejs\node_modules\npm\node_modules\@npmcli\promise-spawn\lib\index.js:12:12)
225 verbose stack     at runScriptPkg (C:\Program Files\nodejs\node_modules\npm\node_modules\@npmcli\run-script\lib\run-script-pkg.js:79:13)
225 verbose stack     at runScript (C:\Program Files\nodejs\node_modules\npm\node_modules\@npmcli\run-script\lib\run-script.js:9:12)
225 verbose stack     at C:\Program Files\nodejs\node_modules\npm\node_modules\@npmcli\arborist\lib\arborist\rebuild.js:331:17
225 verbose stack     at run (C:\Program Files\nodejs\node_modules\npm\node_modules\promise-call-limit\dist\commonjs\index.js:67:22)
225 verbose stack     at C:\Program Files\nodejs\node_modules\npm\node_modules\promise-call-limit\dist\commonjs\index.js:84:9
226 error code EPERM
227 error syscall spawn
228 error errno -4048
229 error Error: spawn EPERM
229 error     at ChildProcess.spawn (node:internal/child_process:421:11)
229 error     at spawn (node:child_process:795:9)
229 error     at promiseSpawn (C:\Program Files\nodejs\node_modules\npm\node_modules\@npmcli\promise-spawn\lib\index.js:39:16)
229 error     at spawnWithShell (C:\Program Files\nodejs\node_modules\npm\node_modules\@npmcli\promise-spawn\lib\index.js:124:10)
229 error     at promiseSpawn (C:\Program Files\nodejs\node_modules\npm\node_modules\@npmcli\promise-spawn\lib\index.js:12:12)
229 error     at runScriptPkg (C:\Program Files\nodejs\node_modules\npm\node_modules\@npmcli\run-script\lib\run-script-pkg.js:79:13)
229 error     at runScript (C:\Program Files\nodejs\node_modules\npm\node_modules\@npmcli\run-script\lib\run-script.js:9:12)
229 error     at C:\Program Files\nodejs\node_modules\npm\node_modules\@npmcli\arborist\lib\arborist\rebuild.js:331:17
229 error     at run (C:\Program Files\nodejs\node_modules\npm\node_modules\promise-call-limit\dist\commonjs\index.js:67:22)
229 error     at C:\Program Files\nodejs\node_modules\npm\node_modules\promise-call-limit\dist\commonjs\index.js:84:9 {
229 error   errno: -4048,
229 error   code: 'EPERM',
229 error   syscall: 'spawn'
229 error }
230 error
230 error The operation was rejected by your operating system.
230 error It's possible that the file was already in use (by a text editor or antivirus),
230 error or that you lack permissions to access it.
230 error
230 error If you believe this might be a permissions issue, please double-check the
230 error permissions of the file and its containing directories, or try running
230 error the command again as root/Administrator.
231 silly unfinished npm timer reify 1774043006323
232 silly unfinished npm timer reify:build 1774043010193
233 silly unfinished npm timer build 1774043010193
234 silly unfinished npm timer build:deps 1774043010193
235 silly unfinished npm timer build:run:postinstall 1774043010199
236 silly unfinished npm timer build:run:postinstall:node_modules/supabase 1774043010199
237 verbose cwd C:\Dev\Stockwise
238 verbose os Windows_NT 10.0.26200
239 verbose node v24.6.0
240 verbose npm  v11.5.1
241 notice
241 notice New minor version of npm available! 11.5.1 -> 11.12.0
241 notice Changelog: https://github.com/npm/cli/releases/tag/v11.12.0
241 notice To update run: npm install -g npm@11.12.0
241 notice  { force: true, Symbol(proc-log.meta): true }
242 verbose exit -4048
243 verbose code -4048
244 error A complete log of this run can be found in: C:\Dev\Stockwise\.npm-cache\_logs\2026-03-20T21_43_24_554Z-debug-0.log
