0 verbose cli C:\Program Files\nodejs\node.exe C:\Program Files\nodejs\node_modules\npm\bin\npm-cli.js
1 info using npm@11.5.1
2 info using node@v24.6.0
3 silly config load:file:C:\Program Files\nodejs\node_modules\npm\npmrc
4 silly config load:file:C:\Dev\Stockwise\.npmrc
5 silly config load:file:C:\Users\USER\.npmrc
6 silly config load:file:C:\Users\USER\AppData\Roaming\npm\etc\npmrc
7 verbose title npm exec supabase db pull 20260321184500_pre_ai_exec_one_check --password Pass:honeyThief@01
8 verbose argv "exec" "--" "supabase" "db" "pull" "20260321184500_pre_ai_exec_one_check" "--password" "Pass:honeyThief@01"
9 verbose logfile logs-max:10 dir:C:\Dev\Stockwise\.npm-cache\_logs\2026-03-21T18_37_26_735Z-
10 verbose logfile C:\Dev\Stockwise\.npm-cache\_logs\2026-03-21T18_37_26_735Z-debug-0.log
11 silly logfile done cleaning log files
12 silly packumentCache heap:4496293888 maxSize:1124073472 maxEntrySize:562036736
13 http fetch GET 200 https://registry.npmjs.org/supabase 290ms (cache revalidated)
14 silly packumentCache heap:4496293888 maxSize:1124073472 maxEntrySize:562036736
15 silly packumentCache heap:4496293888 maxSize:1124073472 maxEntrySize:562036736
16 warn exec The following package was not found and will be installed: supabase@2.83.0
17 silly idealTree buildDeps
18 silly fetch manifest supabase@2.83.0
19 silly packumentCache full:https://registry.npmjs.org/supabase cache-miss
20 http fetch GET 200 https://registry.npmjs.org/supabase 931ms (cache revalidated)
21 silly packumentCache full:https://registry.npmjs.org/supabase set size:2500866 disposed:false
22 silly placeDep ROOT supabase@2.83.0 OK for:  want: 2.83.0
23 silly fetch manifest bin-links@^6.0.0
24 silly packumentCache full:https://registry.npmjs.org/bin-links cache-miss
25 silly fetch manifest https-proxy-agent@^7.0.2
26 silly packumentCache full:https://registry.npmjs.org/https-proxy-agent cache-miss
27 silly fetch manifest node-fetch@^3.3.2
28 silly packumentCache full:https://registry.npmjs.org/node-fetch cache-miss
29 silly fetch manifest tar@7.5.11
30 silly packumentCache full:https://registry.npmjs.org/tar cache-miss
31 http fetch GET 200 https://registry.npmjs.org/node-fetch 192ms (cache revalidated)
32 silly packumentCache full:https://registry.npmjs.org/node-fetch set size:896010 disposed:false
33 http fetch GET 200 https://registry.npmjs.org/tar 226ms (cache revalidated)
34 silly packumentCache full:https://registry.npmjs.org/tar set size:524830 disposed:false
35 http fetch GET 200 https://registry.npmjs.org/https-proxy-agent 265ms (cache revalidated)
36 silly packumentCache full:https://registry.npmjs.org/https-proxy-agent set size:78754 disposed:false
37 http fetch GET 200 https://registry.npmjs.org/bin-links 1065ms (cache revalidated)
38 silly packumentCache full:https://registry.npmjs.org/bin-links set size:90178 disposed:false
39 silly placeDep ROOT bin-links@6.0.0 OK for: supabase@2.83.0 want: ^6.0.0
40 silly placeDep ROOT https-proxy-agent@7.0.6 OK for: supabase@2.83.0 want: ^7.0.2
41 silly placeDep ROOT node-fetch@3.3.2 OK for: supabase@2.83.0 want: ^3.3.2
42 silly placeDep ROOT tar@7.5.11 OK for: supabase@2.83.0 want: 7.5.11
43 silly fetch manifest cmd-shim@^8.0.0
44 silly packumentCache full:https://registry.npmjs.org/cmd-shim cache-miss
45 silly fetch manifest proc-log@^6.0.0
46 silly packumentCache full:https://registry.npmjs.org/proc-log cache-miss
47 silly fetch manifest read-cmd-shim@^6.0.0
48 silly packumentCache full:https://registry.npmjs.org/read-cmd-shim cache-miss
49 silly fetch manifest write-file-atomic@^7.0.0
50 silly packumentCache full:https://registry.npmjs.org/write-file-atomic cache-miss
51 silly fetch manifest npm-normalize-package-bin@^5.0.0
52 silly packumentCache full:https://registry.npmjs.org/npm-normalize-package-bin cache-miss
53 silly fetch manifest debug@4
54 silly packumentCache full:https://registry.npmjs.org/debug cache-miss
55 silly fetch manifest agent-base@^7.1.2
56 silly packumentCache full:https://registry.npmjs.org/agent-base cache-miss
57 http fetch GET 200 https://registry.npmjs.org/write-file-atomic 84ms (cache revalidated)
58 silly packumentCache full:https://registry.npmjs.org/write-file-atomic set size:80317 disposed:false
59 silly fetch manifest data-uri-to-buffer@^4.0.0
60 silly packumentCache full:https://registry.npmjs.org/data-uri-to-buffer cache-miss
61 http fetch GET 200 https://registry.npmjs.org/data-uri-to-buffer 89ms (cache revalidated)
62 silly packumentCache full:https://registry.npmjs.org/data-uri-to-buffer set size:45636 disposed:false
63 silly fetch manifest fetch-blob@^3.1.4
64 silly packumentCache full:https://registry.npmjs.org/fetch-blob cache-miss
65 http fetch GET 200 https://registry.npmjs.org/debug 190ms (cache revalidated)
66 silly packumentCache full:https://registry.npmjs.org/debug set size:195840 disposed:false
67 silly fetch manifest formdata-polyfill@^4.0.10
68 silly packumentCache full:https://registry.npmjs.org/formdata-polyfill cache-miss
69 http fetch GET 200 https://registry.npmjs.org/agent-base 233ms (cache revalidated)
70 silly packumentCache full:https://registry.npmjs.org/agent-base set size:69775 disposed:false
71 silly fetch manifest chownr@^3.0.0
72 silly packumentCache full:https://registry.npmjs.org/chownr cache-miss
73 http fetch GET 200 https://registry.npmjs.org/fetch-blob 71ms (cache revalidated)
74 silly packumentCache full:https://registry.npmjs.org/fetch-blob set size:73704 disposed:false
75 silly fetch manifest yallist@^5.0.0
76 silly packumentCache full:https://registry.npmjs.org/yallist cache-miss
77 http fetch GET 200 https://registry.npmjs.org/formdata-polyfill 69ms (cache revalidated)
78 silly packumentCache full:https://registry.npmjs.org/formdata-polyfill set size:94446 disposed:false
79 silly fetch manifest minipass@^7.1.2
80 silly packumentCache full:https://registry.npmjs.org/minipass cache-miss
81 http fetch GET 200 https://registry.npmjs.org/yallist 72ms (cache revalidated)
82 silly packumentCache full:https://registry.npmjs.org/yallist set size:34610 disposed:false
83 silly fetch manifest minizlib@^3.1.0
84 silly packumentCache full:https://registry.npmjs.org/minizlib cache-miss
85 http fetch GET 200 https://registry.npmjs.org/minipass 75ms (cache revalidated)
86 silly packumentCache full:https://registry.npmjs.org/minipass set size:276925 disposed:false
87 silly fetch manifest @isaacs/fs-minipass@^4.0.0
88 silly packumentCache full:https://registry.npmjs.org/@isaacs%2ffs-minipass cache-miss
89 http fetch GET 200 https://registry.npmjs.org/npm-normalize-package-bin 578ms (cache revalidated)
90 silly packumentCache full:https://registry.npmjs.org/npm-normalize-package-bin set size:21739 disposed:false
91 http fetch GET 200 https://registry.npmjs.org/cmd-shim 712ms (cache revalidated)
92 silly packumentCache full:https://registry.npmjs.org/cmd-shim set size:54046 disposed:false
93 http fetch GET 200 https://registry.npmjs.org/read-cmd-shim 740ms (cache revalidated)
94 silly packumentCache full:https://registry.npmjs.org/read-cmd-shim set size:32871 disposed:false
95 http fetch GET 200 https://registry.npmjs.org/minizlib 719ms (cache revalidated)
96 silly packumentCache full:https://registry.npmjs.org/minizlib set size:62862 disposed:false
97 http fetch GET 200 https://registry.npmjs.org/chownr 933ms (cache revalidated)
98 silly packumentCache full:https://registry.npmjs.org/chownr set size:22157 disposed:false
99 http fetch GET 200 https://registry.npmjs.org/proc-log 1302ms (cache revalidated)
100 silly packumentCache full:https://registry.npmjs.org/proc-log set size:33530 disposed:false
101 http fetch GET 200 https://registry.npmjs.org/@isaacs%2ffs-minipass 1186ms (cache revalidated)
102 silly packumentCache full:https://registry.npmjs.org/@isaacs%2ffs-minipass set size:7912 disposed:false
103 silly placeDep ROOT cmd-shim@8.0.0 OK for: bin-links@6.0.0 want: ^8.0.0
104 silly placeDep ROOT npm-normalize-package-bin@5.0.0 OK for: bin-links@6.0.0 want: ^5.0.0
105 silly placeDep ROOT proc-log@6.1.0 OK for: bin-links@6.0.0 want: ^6.0.0
106 silly placeDep ROOT read-cmd-shim@6.0.0 OK for: bin-links@6.0.0 want: ^6.0.0
107 silly placeDep ROOT write-file-atomic@7.0.1 OK for: bin-links@6.0.0 want: ^7.0.0
108 silly fetch manifest signal-exit@^4.0.1
109 silly packumentCache full:https://registry.npmjs.org/signal-exit cache-miss
110 http fetch GET 200 https://registry.npmjs.org/signal-exit 94ms (cache revalidated)
111 silly packumentCache full:https://registry.npmjs.org/signal-exit set size:53489 disposed:false
112 silly placeDep ROOT agent-base@7.1.4 OK for: https-proxy-agent@7.0.6 want: ^7.1.2
113 silly placeDep ROOT debug@4.4.3 OK for: https-proxy-agent@7.0.6 want: 4
114 silly fetch manifest ms@^2.1.3
115 silly packumentCache full:https://registry.npmjs.org/ms cache-miss
116 http fetch GET 200 https://registry.npmjs.org/ms 74ms (cache revalidated)
117 silly packumentCache full:https://registry.npmjs.org/ms set size:92208 disposed:false
118 silly placeDep ROOT ms@2.1.3 OK for: debug@4.4.3 want: ^2.1.3
119 silly placeDep ROOT data-uri-to-buffer@4.0.1 OK for: node-fetch@3.3.2 want: ^4.0.0
120 silly placeDep ROOT fetch-blob@3.2.0 OK for: node-fetch@3.3.2 want: ^3.1.4
121 silly placeDep ROOT formdata-polyfill@4.0.10 OK for: node-fetch@3.3.2 want: ^4.0.10
122 silly fetch manifest node-domexception@^1.0.0
123 silly packumentCache full:https://registry.npmjs.org/node-domexception cache-miss
124 silly fetch manifest web-streams-polyfill@^3.0.3
125 silly packumentCache full:https://registry.npmjs.org/web-streams-polyfill cache-miss
126 http fetch GET 200 https://registry.npmjs.org/web-streams-polyfill 92ms (cache revalidated)
127 silly packumentCache full:https://registry.npmjs.org/web-streams-polyfill set size:136634 disposed:false
128 http fetch GET 200 https://registry.npmjs.org/node-domexception 121ms (cache revalidated)
129 silly packumentCache full:https://registry.npmjs.org/node-domexception set size:11516 disposed:false
130 silly placeDep ROOT node-domexception@1.0.0 OK for: fetch-blob@3.2.0 want: ^1.0.0
131 silly placeDep ROOT web-streams-polyfill@3.3.3 OK for: fetch-blob@3.2.0 want: ^3.0.3
132 silly placeDep ROOT @isaacs/fs-minipass@4.0.1 OK for: tar@7.5.11 want: ^4.0.0
133 silly placeDep ROOT chownr@3.0.0 OK for: tar@7.5.11 want: ^3.0.0
134 silly placeDep ROOT minipass@7.1.3 OK for: tar@7.5.11 want: ^7.1.2
135 silly placeDep ROOT minizlib@3.1.0 OK for: tar@7.5.11 want: ^3.1.0
136 silly placeDep ROOT yallist@5.0.0 OK for: tar@7.5.11 want: ^5.0.0
137 silly fetch manifest minipass@^7.0.4
138 silly packumentCache full:https://registry.npmjs.org/minipass cache-hit
139 silly placeDep ROOT signal-exit@4.1.0 OK for: write-file-atomic@7.0.1 want: ^4.0.1
140 silly reify moves {}
141 silly audit bulk request {
141 silly audit   supabase: [ '2.83.0' ],
141 silly audit   'bin-links': [ '6.0.0' ],
141 silly audit   'https-proxy-agent': [ '7.0.6' ],
141 silly audit   'node-fetch': [ '3.3.2' ],
141 silly audit   tar: [ '7.5.11' ],
141 silly audit   'cmd-shim': [ '8.0.0' ],
141 silly audit   'npm-normalize-package-bin': [ '5.0.0' ],
141 silly audit   'proc-log': [ '6.1.0' ],
141 silly audit   'read-cmd-shim': [ '6.0.0' ],
141 silly audit   'write-file-atomic': [ '7.0.1' ],
141 silly audit   'agent-base': [ '7.1.4' ],
141 silly audit   debug: [ '4.4.3' ],
141 silly audit   ms: [ '2.1.3' ],
141 silly audit   'data-uri-to-buffer': [ '4.0.1' ],
141 silly audit   'fetch-blob': [ '3.2.0' ],
141 silly audit   'formdata-polyfill': [ '4.0.10' ],
141 silly audit   'node-domexception': [ '1.0.0' ],
141 silly audit   'web-streams-polyfill': [ '3.3.3' ],
141 silly audit   '@isaacs/fs-minipass': [ '4.0.1' ],
141 silly audit   chownr: [ '3.0.0' ],
141 silly audit   minipass: [ '7.1.3' ],
141 silly audit   minizlib: [ '3.1.0' ],
141 silly audit   yallist: [ '5.0.0' ],
141 silly audit   'signal-exit': [ '4.1.0' ]
141 silly audit }
142 http cache signal-exit@https://registry.npmjs.org/signal-exit/-/signal-exit-4.1.0.tgz 0ms (cache hit)
143 http cache yallist@https://registry.npmjs.org/yallist/-/yallist-5.0.0.tgz 0ms (cache hit)
144 http cache @isaacs/fs-minipass@https://registry.npmjs.org/@isaacs/fs-minipass/-/fs-minipass-4.0.1.tgz 0ms (cache hit)
145 http cache minizlib@https://registry.npmjs.org/minizlib/-/minizlib-3.1.0.tgz 0ms (cache hit)
146 http cache minipass@https://registry.npmjs.org/minipass/-/minipass-7.1.3.tgz 0ms (cache hit)
147 http cache chownr@https://registry.npmjs.org/chownr/-/chownr-3.0.0.tgz 0ms (cache hit)
148 http cache web-streams-polyfill@https://registry.npmjs.org/web-streams-polyfill/-/web-streams-polyfill-3.3.3.tgz 0ms (cache hit)
149 http cache node-domexception@https://registry.npmjs.org/node-domexception/-/node-domexception-1.0.0.tgz 0ms (cache hit)
150 http cache formdata-polyfill@https://registry.npmjs.org/formdata-polyfill/-/formdata-polyfill-4.0.10.tgz 0ms (cache hit)
151 http cache fetch-blob@https://registry.npmjs.org/fetch-blob/-/fetch-blob-3.2.0.tgz 0ms (cache hit)
152 http cache ms@https://registry.npmjs.org/ms/-/ms-2.1.3.tgz 0ms (cache hit)
153 http cache debug@https://registry.npmjs.org/debug/-/debug-4.4.3.tgz 0ms (cache hit)
154 http cache data-uri-to-buffer@https://registry.npmjs.org/data-uri-to-buffer/-/data-uri-to-buffer-4.0.1.tgz 0ms (cache hit)
155 http cache agent-base@https://registry.npmjs.org/agent-base/-/agent-base-7.1.4.tgz 0ms (cache hit)
156 http cache write-file-atomic@https://registry.npmjs.org/write-file-atomic/-/write-file-atomic-7.0.1.tgz 0ms (cache hit)
157 http cache read-cmd-shim@https://registry.npmjs.org/read-cmd-shim/-/read-cmd-shim-6.0.0.tgz 0ms (cache hit)
158 http cache npm-normalize-package-bin@https://registry.npmjs.org/npm-normalize-package-bin/-/npm-normalize-package-bin-5.0.0.tgz 0ms (cache hit)
159 http cache node-fetch@https://registry.npmjs.org/node-fetch/-/node-fetch-3.3.2.tgz 0ms (cache hit)
160 http cache cmd-shim@https://registry.npmjs.org/cmd-shim/-/cmd-shim-8.0.0.tgz 0ms (cache hit)
161 http cache tar@https://registry.npmjs.org/tar/-/tar-7.5.11.tgz 0ms (cache hit)
162 http cache https-proxy-agent@https://registry.npmjs.org/https-proxy-agent/-/https-proxy-agent-7.0.6.tgz 0ms (cache hit)
163 http cache proc-log@https://registry.npmjs.org/proc-log/-/proc-log-6.1.0.tgz 0ms (cache hit)
164 http cache bin-links@https://registry.npmjs.org/bin-links/-/bin-links-6.0.0.tgz 0ms (cache hit)
165 http cache supabase@https://registry.npmjs.org/supabase/-/supabase-2.83.0.tgz 0ms (cache hit)
166 warn deprecated node-domexception@1.0.0: Use your platform's native DOMException instead
167 http fetch POST 200 https://registry.npmjs.org/-/npm/v1/security/advisories/bulk 356ms
168 silly audit report {}
169 info run supabase@2.83.0 postinstall node_modules/supabase node scripts/postinstall.js
170 info run supabase@2.83.0 postinstall { code: 'EPERM', signal: undefined }
171 warn cleanup Failed to remove some directories [
171 warn cleanup   [
171 warn cleanup     '\\\\?\\C:\\Dev\\Stockwise\\.npm-cache\\_npx\\aa8e5c70f9d8d161\\node_modules',
171 warn cleanup     [Error: EPERM: operation not permitted, rmdir 'C:\Dev\Stockwise\.npm-cache\_npx\aa8e5c70f9d8d161\node_modules\minizlib'] {
171 warn cleanup       errno: -4048,
171 warn cleanup       code: 'EPERM',
171 warn cleanup       syscall: 'rmdir',
171 warn cleanup       path: 'C:\\Dev\\Stockwise\\.npm-cache\\_npx\\aa8e5c70f9d8d161\\node_modules\\minizlib'
171 warn cleanup     }
171 warn cleanup   ]
171 warn cleanup ]
172 verbose stack Error: spawn EPERM
172 verbose stack     at ChildProcess.spawn (node:internal/child_process:421:11)
172 verbose stack     at spawn (node:child_process:795:9)
172 verbose stack     at promiseSpawn (C:\Program Files\nodejs\node_modules\npm\node_modules\@npmcli\promise-spawn\lib\index.js:39:16)
172 verbose stack     at spawnWithShell (C:\Program Files\nodejs\node_modules\npm\node_modules\@npmcli\promise-spawn\lib\index.js:124:10)
172 verbose stack     at promiseSpawn (C:\Program Files\nodejs\node_modules\npm\node_modules\@npmcli\promise-spawn\lib\index.js:12:12)
172 verbose stack     at runScriptPkg (C:\Program Files\nodejs\node_modules\npm\node_modules\@npmcli\run-script\lib\run-script-pkg.js:79:13)
172 verbose stack     at runScript (C:\Program Files\nodejs\node_modules\npm\node_modules\@npmcli\run-script\lib\run-script.js:9:12)
172 verbose stack     at C:\Program Files\nodejs\node_modules\npm\node_modules\@npmcli\arborist\lib\arborist\rebuild.js:331:17
172 verbose stack     at run (C:\Program Files\nodejs\node_modules\npm\node_modules\promise-call-limit\dist\commonjs\index.js:67:22)
172 verbose stack     at C:\Program Files\nodejs\node_modules\npm\node_modules\promise-call-limit\dist\commonjs\index.js:84:9
173 error code EPERM
174 error syscall spawn
175 error errno -4048
176 error Error: spawn EPERM
176 error     at ChildProcess.spawn (node:internal/child_process:421:11)
176 error     at spawn (node:child_process:795:9)
176 error     at promiseSpawn (C:\Program Files\nodejs\node_modules\npm\node_modules\@npmcli\promise-spawn\lib\index.js:39:16)
176 error     at spawnWithShell (C:\Program Files\nodejs\node_modules\npm\node_modules\@npmcli\promise-spawn\lib\index.js:124:10)
176 error     at promiseSpawn (C:\Program Files\nodejs\node_modules\npm\node_modules\@npmcli\promise-spawn\lib\index.js:12:12)
176 error     at runScriptPkg (C:\Program Files\nodejs\node_modules\npm\node_modules\@npmcli\run-script\lib\run-script-pkg.js:79:13)
176 error     at runScript (C:\Program Files\nodejs\node_modules\npm\node_modules\@npmcli\run-script\lib\run-script.js:9:12)
176 error     at C:\Program Files\nodejs\node_modules\npm\node_modules\@npmcli\arborist\lib\arborist\rebuild.js:331:17
176 error     at run (C:\Program Files\nodejs\node_modules\npm\node_modules\promise-call-limit\dist\commonjs\index.js:67:22)
176 error     at C:\Program Files\nodejs\node_modules\npm\node_modules\promise-call-limit\dist\commonjs\index.js:84:9 {
176 error   errno: -4048,
176 error   code: 'EPERM',
176 error   syscall: 'spawn'
176 error }
177 error
177 error The operation was rejected by your operating system.
177 error It's possible that the file was already in use (by a text editor or antivirus),
177 error or that you lack permissions to access it.
177 error
177 error If you believe this might be a permissions issue, please double-check the
177 error permissions of the file and its containing directories, or try running
177 error the command again as root/Administrator.
178 silly unfinished npm timer reify 1774118248506
179 silly unfinished npm timer reify:build 1774118253233
180 silly unfinished npm timer build 1774118253233
181 silly unfinished npm timer build:deps 1774118253233
182 silly unfinished npm timer build:run:postinstall 1774118253235
183 silly unfinished npm timer build:run:postinstall:node_modules/supabase 1774118253235
184 verbose cwd C:\Dev\Stockwise
185 verbose os Windows_NT 10.0.26200
186 verbose node v24.6.0
187 verbose npm  v11.5.1
188 verbose exit -4048
189 verbose code -4048
190 error A complete log of this run can be found in: C:\Dev\Stockwise\.npm-cache\_logs\2026-03-21T18_37_26_735Z-debug-0.log
