0 verbose cli C:\Program Files\nodejs\node.exe C:\Program Files\nodejs\node_modules\npm\bin\npm-cli.js
0 verbose cli C:\Program Files\nodejs\node.exe C:\Program Files\nodejs\node_modules\npm\bin\npm-cli.js
1 info using npm@11.5.1
1 info using npm@11.5.1
2 info using node@v24.6.0
2 info using node@v24.6.0
3 silly config load:file:C:\Program Files\nodejs\node_modules\npm\npmrc
3 silly config load:file:C:\Program Files\nodejs\node_modules\npm\npmrc
4 silly config load:file:C:\Dev\Stockwise\.npmrc
4 silly config load:file:C:\Dev\Stockwise\.npmrc
5 silly config load:file:C:\Users\USER\.npmrc
5 silly config load:file:C:\Users\USER\.npmrc
6 silly config load:file:C:\Users\USER\AppData\Roaming\npm\etc\npmrc
6 silly config load:file:C:\Users\USER\AppData\Roaming\npm\etc\npmrc
7 verbose title npm exec supabase db pull
7 verbose title npm exec supabase migration list
8 verbose argv "exec" "--yes" "--" "supabase" "db" "pull"
8 verbose argv "exec" "--yes" "--" "supabase" "migration" "list"
9 verbose logfile logs-max:10 dir:C:\Dev\Stockwise\.tmp-npm-cache\_logs\2026-04-01T20_31_01_572Z-
9 verbose logfile logs-max:10 dir:C:\Dev\Stockwise\.tmp-npm-cache\_logs\2026-04-01T20_31_01_572Z-
10 verbose logfile C:\Dev\Stockwise\.tmp-npm-cache\_logs\2026-04-01T20_31_01_572Z-debug-0.log
10 verbose logfile C:\Dev\Stockwise\.tmp-npm-cache\_logs\2026-04-01T20_31_01_572Z-debug-0.log
11 silly logfile done cleaning log files
11 silly logfile done cleaning log files
12 silly packumentCache heap:4496293888 maxSize:1124073472 maxEntrySize:562036736
12 silly packumentCache heap:4496293888 maxSize:1124073472 maxEntrySize:562036736
13 http fetch GET 200 https://registry.npmjs.org/supabase 1870ms (cache updated)
14 silly packumentCache heap:4496293888 maxSize:1124073472 maxEntrySize:562036736
15 silly packumentCache heap:4496293888 maxSize:1124073472 maxEntrySize:562036736
16 silly idealTree buildDeps
17 silly fetch manifest supabase@2.84.6
18 silly packumentCache full:https://registry.npmjs.org/supabase cache-miss
13 http fetch GET 200 https://registry.npmjs.org/supabase 1930ms (cache updated)
14 silly packumentCache heap:4496293888 maxSize:1124073472 maxEntrySize:562036736
15 silly packumentCache heap:4496293888 maxSize:1124073472 maxEntrySize:562036736
16 silly idealTree buildDeps
17 silly fetch manifest supabase@2.84.6
18 silly packumentCache full:https://registry.npmjs.org/supabase cache-miss
19 http fetch GET 200 https://registry.npmjs.org/supabase 2480ms (cache updated)
20 silly packumentCache full:https://registry.npmjs.org/supabase set size:undefined disposed:false
21 silly placeDep ROOT supabase@2.84.6 OK for:  want: 2.84.6
22 silly fetch manifest bin-links@^6.0.0
23 silly packumentCache full:https://registry.npmjs.org/bin-links cache-miss
24 silly fetch manifest https-proxy-agent@^8.0.0
25 silly packumentCache full:https://registry.npmjs.org/https-proxy-agent cache-miss
26 silly fetch manifest node-fetch@^3.3.2
27 silly packumentCache full:https://registry.npmjs.org/node-fetch cache-miss
28 silly fetch manifest tar@7.5.13
29 silly packumentCache full:https://registry.npmjs.org/tar cache-miss
19 http fetch GET 200 https://registry.npmjs.org/supabase 2568ms (cache updated)
30 http fetch GET 200 https://registry.npmjs.org/tar 147ms (cache revalidated)
31 silly packumentCache full:https://registry.npmjs.org/tar set size:531438 disposed:false
20 silly packumentCache full:https://registry.npmjs.org/supabase set size:undefined disposed:false
21 silly placeDep ROOT supabase@2.84.6 OK for:  want: 2.84.6
22 silly fetch manifest bin-links@^6.0.0
23 silly packumentCache full:https://registry.npmjs.org/bin-links cache-miss
24 silly fetch manifest https-proxy-agent@^8.0.0
25 silly packumentCache full:https://registry.npmjs.org/https-proxy-agent cache-miss
26 silly fetch manifest node-fetch@^3.3.2
27 silly packumentCache full:https://registry.npmjs.org/node-fetch cache-miss
28 silly fetch manifest tar@7.5.13
29 silly packumentCache full:https://registry.npmjs.org/tar cache-miss
30 http cache https://registry.npmjs.org/tar 22ms (cache hit)
31 silly packumentCache full:https://registry.npmjs.org/tar set size:531438 disposed:false
32 http fetch GET 200 https://registry.npmjs.org/bin-links 98ms (cache revalidated)
33 silly packumentCache full:https://registry.npmjs.org/bin-links set size:90178 disposed:false
32 http fetch GET 200 https://registry.npmjs.org/bin-links 333ms (cache revalidated)
33 silly packumentCache full:https://registry.npmjs.org/bin-links set size:90178 disposed:false
34 http fetch GET 200 https://registry.npmjs.org/node-fetch 338ms (cache revalidated)
35 silly packumentCache full:https://registry.npmjs.org/node-fetch set size:896010 disposed:false
36 http fetch GET 200 https://registry.npmjs.org/https-proxy-agent 350ms (cache updated)
37 silly packumentCache full:https://registry.npmjs.org/https-proxy-agent set size:undefined disposed:false
38 silly placeDep ROOT bin-links@6.0.0 OK for: supabase@2.84.6 want: ^6.0.0
39 silly placeDep ROOT https-proxy-agent@8.0.0 OK for: supabase@2.84.6 want: ^8.0.0
40 silly placeDep ROOT node-fetch@3.3.2 OK for: supabase@2.84.6 want: ^3.3.2
41 silly placeDep ROOT tar@7.5.13 OK for: supabase@2.84.6 want: 7.5.13
42 silly fetch manifest cmd-shim@^8.0.0
43 silly packumentCache full:https://registry.npmjs.org/cmd-shim cache-miss
44 silly fetch manifest proc-log@^6.0.0
45 silly packumentCache full:https://registry.npmjs.org/proc-log cache-miss
46 silly fetch manifest read-cmd-shim@^6.0.0
47 silly packumentCache full:https://registry.npmjs.org/read-cmd-shim cache-miss
48 silly fetch manifest write-file-atomic@^7.0.0
49 silly packumentCache full:https://registry.npmjs.org/write-file-atomic cache-miss
50 silly fetch manifest npm-normalize-package-bin@^5.0.0
51 silly packumentCache full:https://registry.npmjs.org/npm-normalize-package-bin cache-miss
52 silly fetch manifest debug@^4.3.4
53 silly packumentCache full:https://registry.npmjs.org/debug cache-miss
54 silly fetch manifest agent-base@8.0.0
55 silly packumentCache full:https://registry.npmjs.org/agent-base cache-miss
34 http fetch GET 200 https://registry.npmjs.org/https-proxy-agent 280ms (cache updated)
35 silly packumentCache full:https://registry.npmjs.org/https-proxy-agent set size:undefined disposed:false
56 http fetch GET 200 https://registry.npmjs.org/write-file-atomic 101ms (cache revalidated)
57 silly packumentCache full:https://registry.npmjs.org/write-file-atomic set size:80317 disposed:false
58 silly fetch manifest data-uri-to-buffer@^4.0.0
59 silly packumentCache full:https://registry.npmjs.org/data-uri-to-buffer cache-miss
60 http fetch GET 200 https://registry.npmjs.org/read-cmd-shim 118ms (cache revalidated)
61 silly packumentCache full:https://registry.npmjs.org/read-cmd-shim set size:32871 disposed:false
62 silly fetch manifest fetch-blob@^3.1.4
63 silly packumentCache full:https://registry.npmjs.org/fetch-blob cache-miss
36 http fetch GET 200 https://registry.npmjs.org/node-fetch 328ms (cache revalidated)
37 silly packumentCache full:https://registry.npmjs.org/node-fetch set size:896010 disposed:false
38 silly placeDep ROOT bin-links@6.0.0 OK for: supabase@2.84.6 want: ^6.0.0
39 silly placeDep ROOT https-proxy-agent@8.0.0 OK for: supabase@2.84.6 want: ^8.0.0
40 silly placeDep ROOT node-fetch@3.3.2 OK for: supabase@2.84.6 want: ^3.3.2
41 silly placeDep ROOT tar@7.5.13 OK for: supabase@2.84.6 want: 7.5.13
42 silly fetch manifest cmd-shim@^8.0.0
43 silly packumentCache full:https://registry.npmjs.org/cmd-shim cache-miss
44 silly fetch manifest proc-log@^6.0.0
45 silly packumentCache full:https://registry.npmjs.org/proc-log cache-miss
46 silly fetch manifest read-cmd-shim@^6.0.0
47 silly packumentCache full:https://registry.npmjs.org/read-cmd-shim cache-miss
48 silly fetch manifest write-file-atomic@^7.0.0
49 silly packumentCache full:https://registry.npmjs.org/write-file-atomic cache-miss
50 silly fetch manifest npm-normalize-package-bin@^5.0.0
51 silly packumentCache full:https://registry.npmjs.org/npm-normalize-package-bin cache-miss
52 silly fetch manifest debug@^4.3.4
53 silly packumentCache full:https://registry.npmjs.org/debug cache-miss
64 http fetch GET 200 https://registry.npmjs.org/agent-base 142ms (cache updated)
54 silly fetch manifest agent-base@8.0.0
55 silly packumentCache full:https://registry.npmjs.org/agent-base cache-miss
65 silly packumentCache full:https://registry.npmjs.org/agent-base set size:undefined disposed:false
66 silly fetch manifest formdata-polyfill@^4.0.10
67 silly packumentCache full:https://registry.npmjs.org/formdata-polyfill cache-miss
68 http fetch GET 200 https://registry.npmjs.org/cmd-shim 155ms (cache revalidated)
69 silly packumentCache full:https://registry.npmjs.org/cmd-shim set size:54046 disposed:false
70 silly fetch manifest @isaacs/fs-minipass@^4.0.0
71 silly packumentCache full:https://registry.npmjs.org/@isaacs%2ffs-minipass cache-miss
56 http cache https://registry.npmjs.org/read-cmd-shim 19ms (cache hit)
57 silly packumentCache full:https://registry.npmjs.org/read-cmd-shim set size:32871 disposed:false
58 silly fetch manifest data-uri-to-buffer@^4.0.0
59 silly packumentCache full:https://registry.npmjs.org/data-uri-to-buffer cache-miss
60 http cache https://registry.npmjs.org/agent-base 20ms (cache hit)
61 silly packumentCache full:https://registry.npmjs.org/agent-base set size:72085 disposed:false
62 silly fetch manifest fetch-blob@^3.1.4
63 silly packumentCache full:https://registry.npmjs.org/fetch-blob cache-miss
64 http cache https://registry.npmjs.org/write-file-atomic 22ms (cache hit)
65 silly packumentCache full:https://registry.npmjs.org/write-file-atomic set size:80317 disposed:false
66 silly fetch manifest formdata-polyfill@^4.0.10
67 silly packumentCache full:https://registry.npmjs.org/formdata-polyfill cache-miss
72 http fetch GET 200 https://registry.npmjs.org/data-uri-to-buffer 105ms (cache updated)
73 silly packumentCache full:https://registry.npmjs.org/data-uri-to-buffer set size:undefined disposed:false
74 silly fetch manifest chownr@^3.0.0
75 silly packumentCache full:https://registry.npmjs.org/chownr cache-miss
76 http fetch GET 200 https://registry.npmjs.org/fetch-blob 97ms (cache revalidated)
77 silly packumentCache full:https://registry.npmjs.org/fetch-blob set size:73704 disposed:false
78 silly fetch manifest minipass@^7.1.2
79 silly packumentCache full:https://registry.npmjs.org/minipass cache-miss
68 http fetch GET 200 https://registry.npmjs.org/cmd-shim 95ms (cache revalidated)
69 silly packumentCache full:https://registry.npmjs.org/cmd-shim set size:54046 disposed:false
70 silly fetch manifest @isaacs/fs-minipass@^4.0.0
71 silly packumentCache full:https://registry.npmjs.org/@isaacs%2ffs-minipass cache-miss
72 http fetch GET 200 https://registry.npmjs.org/proc-log 102ms (cache revalidated)
73 silly packumentCache full:https://registry.npmjs.org/proc-log set size:33530 disposed:false
74 silly fetch manifest chownr@^3.0.0
75 silly packumentCache full:https://registry.npmjs.org/chownr cache-miss
80 http fetch GET 200 https://registry.npmjs.org/formdata-polyfill 102ms (cache revalidated)
81 silly packumentCache full:https://registry.npmjs.org/formdata-polyfill set size:94446 disposed:false
82 silly fetch manifest minizlib@^3.1.0
83 silly packumentCache full:https://registry.npmjs.org/minizlib cache-miss
84 http fetch GET 200 https://registry.npmjs.org/chownr 73ms (cache revalidated)
85 silly packumentCache full:https://registry.npmjs.org/chownr set size:22157 disposed:false
86 silly fetch manifest yallist@^5.0.0
87 silly packumentCache full:https://registry.npmjs.org/yallist cache-miss
88 http fetch GET 200 https://registry.npmjs.org/debug 282ms (cache revalidated)
89 silly packumentCache full:https://registry.npmjs.org/debug set size:195840 disposed:false
90 http fetch GET 200 https://registry.npmjs.org/npm-normalize-package-bin 297ms (cache revalidated)
91 silly packumentCache full:https://registry.npmjs.org/npm-normalize-package-bin set size:21739 disposed:false
76 http fetch GET 200 https://registry.npmjs.org/npm-normalize-package-bin 166ms (cache revalidated)
77 silly packumentCache full:https://registry.npmjs.org/npm-normalize-package-bin set size:21739 disposed:false
92 http fetch GET 200 https://registry.npmjs.org/proc-log 310ms (cache revalidated)
78 silly fetch manifest minipass@^7.1.2
79 silly packumentCache full:https://registry.npmjs.org/minipass cache-miss
93 silly packumentCache full:https://registry.npmjs.org/proc-log set size:33530 disposed:false
94 http fetch GET 200 https://registry.npmjs.org/minipass 93ms (cache revalidated)
95 silly packumentCache full:https://registry.npmjs.org/minipass set size:276925 disposed:false
80 http cache https://registry.npmjs.org/minipass 6ms (cache hit)
81 silly packumentCache full:https://registry.npmjs.org/minipass set size:276925 disposed:false
82 silly fetch manifest minizlib@^3.1.0
83 silly packumentCache full:https://registry.npmjs.org/minizlib cache-miss
84 http fetch GET 200 https://registry.npmjs.org/chownr 81ms (cache revalidated)
85 silly packumentCache full:https://registry.npmjs.org/chownr set size:22157 disposed:false
86 silly fetch manifest yallist@^5.0.0
87 silly packumentCache full:https://registry.npmjs.org/yallist cache-miss
96 http fetch GET 200 https://registry.npmjs.org/minizlib 91ms (cache revalidated)
97 silly packumentCache full:https://registry.npmjs.org/minizlib set size:62862 disposed:false
98 http fetch GET 200 https://registry.npmjs.org/yallist 93ms (cache revalidated)
99 silly packumentCache full:https://registry.npmjs.org/yallist set size:34610 disposed:false
88 http fetch GET 200 https://registry.npmjs.org/yallist 89ms (cache revalidated)
89 silly packumentCache full:https://registry.npmjs.org/yallist set size:34610 disposed:false
90 http fetch GET 200 https://registry.npmjs.org/debug 275ms (cache revalidated)
91 silly packumentCache full:https://registry.npmjs.org/debug set size:195840 disposed:false
92 http fetch GET 200 https://registry.npmjs.org/minizlib 103ms (cache revalidated)
93 silly packumentCache full:https://registry.npmjs.org/minizlib set size:62862 disposed:false
94 http fetch GET 200 https://registry.npmjs.org/formdata-polyfill 256ms (cache revalidated)
95 silly packumentCache full:https://registry.npmjs.org/formdata-polyfill set size:94446 disposed:false
96 http fetch GET 200 https://registry.npmjs.org/fetch-blob 267ms (cache revalidated)
97 silly packumentCache full:https://registry.npmjs.org/fetch-blob set size:73704 disposed:false
98 http fetch GET 200 https://registry.npmjs.org/data-uri-to-buffer 302ms (cache updated)
99 silly packumentCache full:https://registry.npmjs.org/data-uri-to-buffer set size:undefined disposed:false
100 http fetch GET 200 https://registry.npmjs.org/@isaacs%2ffs-minipass 507ms (cache revalidated)
100 http fetch GET 200 https://registry.npmjs.org/@isaacs%2ffs-minipass 589ms (cache revalidated)
101 silly packumentCache full:https://registry.npmjs.org/@isaacs%2ffs-minipass set size:7912 disposed:false
101 silly packumentCache full:https://registry.npmjs.org/@isaacs%2ffs-minipass set size:7912 disposed:false
102 silly placeDep ROOT cmd-shim@8.0.0 OK for: bin-links@6.0.0 want: ^8.0.0
102 silly placeDep ROOT cmd-shim@8.0.0 OK for: bin-links@6.0.0 want: ^8.0.0
103 silly placeDep ROOT npm-normalize-package-bin@5.0.0 OK for: bin-links@6.0.0 want: ^5.0.0
104 silly placeDep ROOT proc-log@6.1.0 OK for: bin-links@6.0.0 want: ^6.0.0
103 silly placeDep ROOT npm-normalize-package-bin@5.0.0 OK for: bin-links@6.0.0 want: ^5.0.0
105 silly placeDep ROOT read-cmd-shim@6.0.0 OK for: bin-links@6.0.0 want: ^6.0.0
104 silly placeDep ROOT proc-log@6.1.0 OK for: bin-links@6.0.0 want: ^6.0.0
106 silly placeDep ROOT write-file-atomic@7.0.1 OK for: bin-links@6.0.0 want: ^7.0.0
105 silly placeDep ROOT read-cmd-shim@6.0.0 OK for: bin-links@6.0.0 want: ^6.0.0
107 silly fetch manifest signal-exit@^4.0.1
108 silly packumentCache full:https://registry.npmjs.org/signal-exit cache-miss
106 silly placeDep ROOT write-file-atomic@7.0.1 OK for: bin-links@6.0.0 want: ^7.0.0
107 silly fetch manifest signal-exit@^4.0.1
108 silly packumentCache full:https://registry.npmjs.org/signal-exit cache-miss
109 http fetch GET 200 https://registry.npmjs.org/signal-exit 83ms (cache revalidated)
110 silly packumentCache full:https://registry.npmjs.org/signal-exit set size:53489 disposed:false
111 silly placeDep ROOT agent-base@8.0.0 OK for: https-proxy-agent@8.0.0 want: 8.0.0
109 http fetch GET 200 https://registry.npmjs.org/signal-exit 86ms (cache revalidated)
112 silly placeDep ROOT debug@4.4.3 OK for: https-proxy-agent@8.0.0 want: ^4.3.4
110 silly packumentCache full:https://registry.npmjs.org/signal-exit set size:53489 disposed:false
113 silly fetch manifest ms@^2.1.3
114 silly packumentCache full:https://registry.npmjs.org/ms cache-miss
111 silly placeDep ROOT agent-base@8.0.0 OK for: https-proxy-agent@8.0.0 want: 8.0.0
112 silly placeDep ROOT debug@4.4.3 OK for: https-proxy-agent@8.0.0 want: ^4.3.4
113 silly fetch manifest ms@^2.1.3
114 silly packumentCache full:https://registry.npmjs.org/ms cache-miss
115 http fetch GET 200 https://registry.npmjs.org/ms 87ms (cache revalidated)
116 silly packumentCache full:https://registry.npmjs.org/ms set size:92208 disposed:false
117 silly placeDep ROOT ms@2.1.3 OK for: debug@4.4.3 want: ^2.1.3
118 silly placeDep ROOT data-uri-to-buffer@4.0.1 OK for: node-fetch@3.3.2 want: ^4.0.0
119 silly placeDep ROOT fetch-blob@3.2.0 OK for: node-fetch@3.3.2 want: ^3.1.4
120 silly placeDep ROOT formdata-polyfill@4.0.10 OK for: node-fetch@3.3.2 want: ^4.0.10
121 silly fetch manifest node-domexception@^1.0.0
122 silly packumentCache full:https://registry.npmjs.org/node-domexception cache-miss
123 silly fetch manifest web-streams-polyfill@^3.0.3
124 silly packumentCache full:https://registry.npmjs.org/web-streams-polyfill cache-miss
115 http fetch GET 200 https://registry.npmjs.org/ms 94ms (cache revalidated)
116 silly packumentCache full:https://registry.npmjs.org/ms set size:92208 disposed:false
117 silly placeDep ROOT ms@2.1.3 OK for: debug@4.4.3 want: ^2.1.3
118 silly placeDep ROOT data-uri-to-buffer@4.0.1 OK for: node-fetch@3.3.2 want: ^4.0.0
119 silly placeDep ROOT fetch-blob@3.2.0 OK for: node-fetch@3.3.2 want: ^3.1.4
120 silly placeDep ROOT formdata-polyfill@4.0.10 OK for: node-fetch@3.3.2 want: ^4.0.10
121 silly fetch manifest node-domexception@^1.0.0
122 silly packumentCache full:https://registry.npmjs.org/node-domexception cache-miss
123 silly fetch manifest web-streams-polyfill@^3.0.3
124 silly packumentCache full:https://registry.npmjs.org/web-streams-polyfill cache-miss
125 http fetch GET 200 https://registry.npmjs.org/web-streams-polyfill 124ms (cache revalidated)
126 silly packumentCache full:https://registry.npmjs.org/web-streams-polyfill set size:136634 disposed:false
125 http fetch GET 200 https://registry.npmjs.org/node-domexception 140ms (cache revalidated)
126 silly packumentCache full:https://registry.npmjs.org/node-domexception set size:11516 disposed:false
127 http fetch GET 200 https://registry.npmjs.org/node-domexception 139ms (cache revalidated)
128 silly packumentCache full:https://registry.npmjs.org/node-domexception set size:11516 disposed:false
129 silly placeDep ROOT node-domexception@1.0.0 OK for: fetch-blob@3.2.0 want: ^1.0.0
130 silly placeDep ROOT web-streams-polyfill@3.3.3 OK for: fetch-blob@3.2.0 want: ^3.0.3
131 silly placeDep ROOT @isaacs/fs-minipass@4.0.1 OK for: tar@7.5.13 want: ^4.0.0
132 silly placeDep ROOT chownr@3.0.0 OK for: tar@7.5.13 want: ^3.0.0
133 silly placeDep ROOT minipass@7.1.3 OK for: tar@7.5.13 want: ^7.1.2
134 silly placeDep ROOT minizlib@3.1.0 OK for: tar@7.5.13 want: ^3.1.0
135 silly placeDep ROOT yallist@5.0.0 OK for: tar@7.5.13 want: ^5.0.0
136 silly fetch manifest minipass@^7.0.4
137 silly packumentCache full:https://registry.npmjs.org/minipass cache-hit
138 silly placeDep ROOT signal-exit@4.1.0 OK for: write-file-atomic@7.0.1 want: ^4.0.1
127 http fetch GET 200 https://registry.npmjs.org/web-streams-polyfill 159ms (cache revalidated)
139 silly reify moves {}
128 silly packumentCache full:https://registry.npmjs.org/web-streams-polyfill set size:136634 disposed:false
129 silly placeDep ROOT node-domexception@1.0.0 OK for: fetch-blob@3.2.0 want: ^1.0.0
130 silly placeDep ROOT web-streams-polyfill@3.3.3 OK for: fetch-blob@3.2.0 want: ^3.0.3
131 silly placeDep ROOT @isaacs/fs-minipass@4.0.1 OK for: tar@7.5.13 want: ^4.0.0
132 silly placeDep ROOT chownr@3.0.0 OK for: tar@7.5.13 want: ^3.0.0
133 silly placeDep ROOT minipass@7.1.3 OK for: tar@7.5.13 want: ^7.1.2
134 silly placeDep ROOT minizlib@3.1.0 OK for: tar@7.5.13 want: ^3.1.0
135 silly placeDep ROOT yallist@5.0.0 OK for: tar@7.5.13 want: ^5.0.0
136 silly fetch manifest minipass@^7.0.4
137 silly packumentCache full:https://registry.npmjs.org/minipass cache-hit
138 silly placeDep ROOT signal-exit@4.1.0 OK for: write-file-atomic@7.0.1 want: ^4.0.1
140 silly audit bulk request {
140 silly audit   supabase: [ '2.84.6' ],
140 silly audit   'bin-links': [ '6.0.0' ],
140 silly audit   'https-proxy-agent': [ '8.0.0' ],
140 silly audit   'node-fetch': [ '3.3.2' ],
140 silly audit   tar: [ '7.5.13' ],
140 silly audit   'cmd-shim': [ '8.0.0' ],
140 silly audit   'npm-normalize-package-bin': [ '5.0.0' ],
140 silly audit   'proc-log': [ '6.1.0' ],
140 silly audit   'read-cmd-shim': [ '6.0.0' ],
140 silly audit   'write-file-atomic': [ '7.0.1' ],
140 silly audit   'agent-base': [ '8.0.0' ],
140 silly audit   debug: [ '4.4.3' ],
140 silly audit   ms: [ '2.1.3' ],
140 silly audit   'data-uri-to-buffer': [ '4.0.1' ],
140 silly audit   'fetch-blob': [ '3.2.0' ],
140 silly audit   'formdata-polyfill': [ '4.0.10' ],
140 silly audit   'node-domexception': [ '1.0.0' ],
140 silly audit   'web-streams-polyfill': [ '3.3.3' ],
140 silly audit   '@isaacs/fs-minipass': [ '4.0.1' ],
140 silly audit   chownr: [ '3.0.0' ],
140 silly audit   minipass: [ '7.1.3' ],
140 silly audit   minizlib: [ '3.1.0' ],
140 silly audit   yallist: [ '5.0.0' ],
140 silly audit   'signal-exit': [ '4.1.0' ]
140 silly audit }
139 silly reify moves {}
140 silly audit bulk request {
140 silly audit   supabase: [ '2.84.6' ],
140 silly audit   'bin-links': [ '6.0.0' ],
140 silly audit   'https-proxy-agent': [ '8.0.0' ],
140 silly audit   'node-fetch': [ '3.3.2' ],
140 silly audit   tar: [ '7.5.13' ],
140 silly audit   'cmd-shim': [ '8.0.0' ],
140 silly audit   'npm-normalize-package-bin': [ '5.0.0' ],
140 silly audit   'proc-log': [ '6.1.0' ],
140 silly audit   'read-cmd-shim': [ '6.0.0' ],
140 silly audit   'write-file-atomic': [ '7.0.1' ],
140 silly audit   'agent-base': [ '8.0.0' ],
140 silly audit   debug: [ '4.4.3' ],
140 silly audit   ms: [ '2.1.3' ],
140 silly audit   'data-uri-to-buffer': [ '4.0.1' ],
140 silly audit   'fetch-blob': [ '3.2.0' ],
140 silly audit   'formdata-polyfill': [ '4.0.10' ],
140 silly audit   'node-domexception': [ '1.0.0' ],
140 silly audit   'web-streams-polyfill': [ '3.3.3' ],
140 silly audit   '@isaacs/fs-minipass': [ '4.0.1' ],
140 silly audit   chownr: [ '3.0.0' ],
140 silly audit   minipass: [ '7.1.3' ],
140 silly audit   minizlib: [ '3.1.0' ],
140 silly audit   yallist: [ '5.0.0' ],
140 silly audit   'signal-exit': [ '4.1.0' ]
140 silly audit }
141 http cache yallist@https://registry.npmjs.org/yallist/-/yallist-5.0.0.tgz 0ms (cache hit)
142 http cache signal-exit@https://registry.npmjs.org/signal-exit/-/signal-exit-4.1.0.tgz 0ms (cache hit)
143 http cache minipass@https://registry.npmjs.org/minipass/-/minipass-7.1.3.tgz 0ms (cache hit)
144 http cache minizlib@https://registry.npmjs.org/minizlib/-/minizlib-3.1.0.tgz 0ms (cache hit)
145 http cache @isaacs/fs-minipass@https://registry.npmjs.org/@isaacs/fs-minipass/-/fs-minipass-4.0.1.tgz 0ms (cache hit)
146 http cache chownr@https://registry.npmjs.org/chownr/-/chownr-3.0.0.tgz 0ms (cache hit)
147 http cache web-streams-polyfill@https://registry.npmjs.org/web-streams-polyfill/-/web-streams-polyfill-3.3.3.tgz 0ms (cache hit)
148 http cache node-domexception@https://registry.npmjs.org/node-domexception/-/node-domexception-1.0.0.tgz 0ms (cache hit)
149 http cache formdata-polyfill@https://registry.npmjs.org/formdata-polyfill/-/formdata-polyfill-4.0.10.tgz 0ms (cache hit)
150 http cache fetch-blob@https://registry.npmjs.org/fetch-blob/-/fetch-blob-3.2.0.tgz 0ms (cache hit)
151 http cache data-uri-to-buffer@https://registry.npmjs.org/data-uri-to-buffer/-/data-uri-to-buffer-4.0.1.tgz 0ms (cache hit)
152 http cache ms@https://registry.npmjs.org/ms/-/ms-2.1.3.tgz 0ms (cache hit)
153 http cache debug@https://registry.npmjs.org/debug/-/debug-4.4.3.tgz 0ms (cache hit)
154 http cache agent-base@https://registry.npmjs.org/agent-base/-/agent-base-8.0.0.tgz 0ms (cache hit)
155 http cache write-file-atomic@https://registry.npmjs.org/write-file-atomic/-/write-file-atomic-7.0.1.tgz 0ms (cache hit)
156 http cache read-cmd-shim@https://registry.npmjs.org/read-cmd-shim/-/read-cmd-shim-6.0.0.tgz 0ms (cache hit)
157 http cache proc-log@https://registry.npmjs.org/proc-log/-/proc-log-6.1.0.tgz 0ms (cache hit)
158 http cache npm-normalize-package-bin@https://registry.npmjs.org/npm-normalize-package-bin/-/npm-normalize-package-bin-5.0.0.tgz 0ms (cache hit)
159 http cache cmd-shim@https://registry.npmjs.org/cmd-shim/-/cmd-shim-8.0.0.tgz 0ms (cache hit)
160 http cache tar@https://registry.npmjs.org/tar/-/tar-7.5.13.tgz 0ms (cache hit)
161 http cache node-fetch@https://registry.npmjs.org/node-fetch/-/node-fetch-3.3.2.tgz 0ms (cache hit)
162 http cache https-proxy-agent@https://registry.npmjs.org/https-proxy-agent/-/https-proxy-agent-8.0.0.tgz 0ms (cache hit)
163 http cache bin-links@https://registry.npmjs.org/bin-links/-/bin-links-6.0.0.tgz 0ms (cache hit)
164 http cache supabase@https://registry.npmjs.org/supabase/-/supabase-2.84.6.tgz 0ms (cache hit)
165 silly tarball no local data for supabase@https://registry.npmjs.org/supabase/-/supabase-2.84.6.tgz. Extracting by manifest.
141 http cache signal-exit@https://registry.npmjs.org/signal-exit/-/signal-exit-4.1.0.tgz 0ms (cache hit)
142 http cache @isaacs/fs-minipass@https://registry.npmjs.org/@isaacs/fs-minipass/-/fs-minipass-4.0.1.tgz 0ms (cache hit)
143 http cache yallist@https://registry.npmjs.org/yallist/-/yallist-5.0.0.tgz 0ms (cache hit)
144 http cache minipass@https://registry.npmjs.org/minipass/-/minipass-7.1.3.tgz 0ms (cache hit)
145 http cache minizlib@https://registry.npmjs.org/minizlib/-/minizlib-3.1.0.tgz 0ms (cache hit)
146 http cache chownr@https://registry.npmjs.org/chownr/-/chownr-3.0.0.tgz 0ms (cache hit)
147 http cache web-streams-polyfill@https://registry.npmjs.org/web-streams-polyfill/-/web-streams-polyfill-3.3.3.tgz 0ms (cache hit)
148 http cache node-domexception@https://registry.npmjs.org/node-domexception/-/node-domexception-1.0.0.tgz 0ms (cache hit)
149 http cache formdata-polyfill@https://registry.npmjs.org/formdata-polyfill/-/formdata-polyfill-4.0.10.tgz 0ms (cache hit)
150 http cache fetch-blob@https://registry.npmjs.org/fetch-blob/-/fetch-blob-3.2.0.tgz 0ms (cache hit)
151 http cache data-uri-to-buffer@https://registry.npmjs.org/data-uri-to-buffer/-/data-uri-to-buffer-4.0.1.tgz 0ms (cache hit)
152 http cache debug@https://registry.npmjs.org/debug/-/debug-4.4.3.tgz 0ms (cache hit)
153 http cache ms@https://registry.npmjs.org/ms/-/ms-2.1.3.tgz 0ms (cache hit)
154 http cache agent-base@https://registry.npmjs.org/agent-base/-/agent-base-8.0.0.tgz 0ms (cache hit)
155 http cache write-file-atomic@https://registry.npmjs.org/write-file-atomic/-/write-file-atomic-7.0.1.tgz 0ms (cache hit)
156 http cache proc-log@https://registry.npmjs.org/proc-log/-/proc-log-6.1.0.tgz 0ms (cache hit)
157 http cache read-cmd-shim@https://registry.npmjs.org/read-cmd-shim/-/read-cmd-shim-6.0.0.tgz 0ms (cache hit)
158 http cache npm-normalize-package-bin@https://registry.npmjs.org/npm-normalize-package-bin/-/npm-normalize-package-bin-5.0.0.tgz 0ms (cache hit)
159 http cache cmd-shim@https://registry.npmjs.org/cmd-shim/-/cmd-shim-8.0.0.tgz 0ms (cache hit)
160 http cache tar@https://registry.npmjs.org/tar/-/tar-7.5.13.tgz 0ms (cache hit)
161 http cache node-fetch@https://registry.npmjs.org/node-fetch/-/node-fetch-3.3.2.tgz 0ms (cache hit)
162 http cache https-proxy-agent@https://registry.npmjs.org/https-proxy-agent/-/https-proxy-agent-8.0.0.tgz 0ms (cache hit)
163 http cache bin-links@https://registry.npmjs.org/bin-links/-/bin-links-6.0.0.tgz 0ms (cache hit)
164 http cache supabase@https://registry.npmjs.org/supabase/-/supabase-2.84.6.tgz 0ms (cache hit)
165 silly tarball no local data for supabase@https://registry.npmjs.org/supabase/-/supabase-2.84.6.tgz. Extracting by manifest.
166 http fetch GET 200 https://registry.npmjs.org/supabase/-/supabase-2.84.6.tgz 139ms (cache miss)
166 http fetch GET 200 https://registry.npmjs.org/supabase/-/supabase-2.84.6.tgz 209ms (cache miss)
167 warn deprecated node-domexception@1.0.0: Use your platform's native DOMException instead
167 warn deprecated node-domexception@1.0.0: Use your platform's native DOMException instead
168 http fetch POST 200 https://registry.npmjs.org/-/npm/v1/security/advisories/bulk 436ms
169 silly audit report {}
168 http fetch POST 200 https://registry.npmjs.org/-/npm/v1/security/advisories/bulk 442ms
169 silly audit report {}
170 info run supabase@2.84.6 postinstall node_modules/supabase node scripts/postinstall.js
171 info run supabase@2.84.6 postinstall { code: 'EPERM', signal: undefined }
172 warn cleanup Failed to remove some directories [
172 warn cleanup   [
172 warn cleanup     '\\\\?\\C:\\Dev\\Stockwise\\.tmp-npm-cache\\_npx\\aa8e5c70f9d8d161\\node_modules\\tar',
172 warn cleanup     [Error: ENOTEMPTY: directory not empty, rmdir 'C:\Dev\Stockwise\.tmp-npm-cache\_npx\aa8e5c70f9d8d161\node_modules\tar\dist\esm'] {
172 warn cleanup       errno: -4051,
172 warn cleanup       code: 'ENOTEMPTY',
172 warn cleanup       syscall: 'rmdir',
172 warn cleanup       path: 'C:\\Dev\\Stockwise\\.tmp-npm-cache\\_npx\\aa8e5c70f9d8d161\\node_modules\\tar\\dist\\esm'
172 warn cleanup     }
172 warn cleanup   ],
172 warn cleanup   [
172 warn cleanup     '\\\\?\\C:\\Dev\\Stockwise\\.tmp-npm-cache\\_npx\\aa8e5c70f9d8d161\\node_modules',
172 warn cleanup     [Error: ENOTEMPTY: directory not empty, rmdir 'C:\Dev\Stockwise\.tmp-npm-cache\_npx\aa8e5c70f9d8d161\node_modules\tar\dist\commonjs'] {
172 warn cleanup       errno: -4051,
172 warn cleanup       code: 'ENOTEMPTY',
172 warn cleanup       syscall: 'rmdir',
172 warn cleanup       path: 'C:\\Dev\\Stockwise\\.tmp-npm-cache\\_npx\\aa8e5c70f9d8d161\\node_modules\\tar\\dist\\commonjs'
172 warn cleanup     }
172 warn cleanup   ]
172 warn cleanup ]
173 verbose stack Error: spawn EPERM
173 verbose stack     at ChildProcess.spawn (node:internal/child_process:421:11)
173 verbose stack     at spawn (node:child_process:795:9)
173 verbose stack     at promiseSpawn (C:\Program Files\nodejs\node_modules\npm\node_modules\@npmcli\promise-spawn\lib\index.js:39:16)
173 verbose stack     at spawnWithShell (C:\Program Files\nodejs\node_modules\npm\node_modules\@npmcli\promise-spawn\lib\index.js:124:10)
173 verbose stack     at promiseSpawn (C:\Program Files\nodejs\node_modules\npm\node_modules\@npmcli\promise-spawn\lib\index.js:12:12)
173 verbose stack     at runScriptPkg (C:\Program Files\nodejs\node_modules\npm\node_modules\@npmcli\run-script\lib\run-script-pkg.js:79:13)
173 verbose stack     at runScript (C:\Program Files\nodejs\node_modules\npm\node_modules\@npmcli\run-script\lib\run-script.js:9:12)
173 verbose stack     at C:\Program Files\nodejs\node_modules\npm\node_modules\@npmcli\arborist\lib\arborist\rebuild.js:331:17
173 verbose stack     at run (C:\Program Files\nodejs\node_modules\npm\node_modules\promise-call-limit\dist\commonjs\index.js:67:22)
173 verbose stack     at C:\Program Files\nodejs\node_modules\npm\node_modules\promise-call-limit\dist\commonjs\index.js:84:9
174 error code EPERM
175 error syscall spawn
176 error errno -4048
177 error Error: spawn EPERM
177 error     at ChildProcess.spawn (node:internal/child_process:421:11)
177 error     at spawn (node:child_process:795:9)
177 error     at promiseSpawn (C:\Program Files\nodejs\node_modules\npm\node_modules\@npmcli\promise-spawn\lib\index.js:39:16)
177 error     at spawnWithShell (C:\Program Files\nodejs\node_modules\npm\node_modules\@npmcli\promise-spawn\lib\index.js:124:10)
177 error     at promiseSpawn (C:\Program Files\nodejs\node_modules\npm\node_modules\@npmcli\promise-spawn\lib\index.js:12:12)
177 error     at runScriptPkg (C:\Program Files\nodejs\node_modules\npm\node_modules\@npmcli\run-script\lib\run-script-pkg.js:79:13)
177 error     at runScript (C:\Program Files\nodejs\node_modules\npm\node_modules\@npmcli\run-script\lib\run-script.js:9:12)
177 error     at C:\Program Files\nodejs\node_modules\npm\node_modules\@npmcli\arborist\lib\arborist\rebuild.js:331:17
177 error     at run (C:\Program Files\nodejs\node_modules\npm\node_modules\promise-call-limit\dist\commonjs\index.js:67:22)
177 error     at C:\Program Files\nodejs\node_modules\npm\node_modules\promise-call-limit\dist\commonjs\index.js:84:9 {
177 error   errno: -4048,
177 error   code: 'EPERM',
177 error   syscall: 'spawn'
177 error }
178 error
178 error The operation was rejected by your operating system.
178 error It's possible that the file was already in use (by a text editor or antivirus),
178 error or that you lack permissions to access it.
178 error
178 error If you believe this might be a permissions issue, please double-check the
178 error permissions of the file and its containing directories, or try running
178 error the command again as root/Administrator.
179 silly unfinished npm timer reify 1775075465172
180 silly unfinished npm timer reify:build 1775075469842
181 silly unfinished npm timer build 1775075469842
182 silly unfinished npm timer build:deps 1775075469843
183 silly unfinished npm timer build:run:postinstall 1775075469845
184 silly unfinished npm timer build:run:postinstall:node_modules/supabase 1775075469846
185 verbose cwd C:\Dev\Stockwise
186 verbose os Windows_NT 10.0.26200
187 verbose node v24.6.0
188 verbose npm  v11.5.1
189 verbose exit -4048
190 verbose code -4048
191 error A complete log of this run can be found in: C:\Dev\Stockwise\.tmp-npm-cache\_logs\2026-04-01T20_31_01_572Z-debug-0.log
170 info run supabase@2.84.6 postinstall node_modules/supabase node scripts/postinstall.js
171 info run supabase@2.84.6 postinstall { code: 'EPERM', signal: undefined }
172 verbose stack Error: spawn EPERM
172 verbose stack     at ChildProcess.spawn (node:internal/child_process:421:11)
172 verbose stack     at spawn (node:child_process:795:9)
172 verbose stack     at promiseSpawn (C:\Program Files\nodejs\node_modules\npm\node_modules\@npmcli\promise-spawn\lib\index.js:39:16)
172 verbose stack     at spawnWithShell (C:\Program Files\nodejs\node_modules\npm\node_modules\@npmcli\promise-spawn\lib\index.js:124:10)
172 verbose stack     at promiseSpawn (C:\Program Files\nodejs\node_modules\npm\node_modules\@npmcli\promise-spawn\lib\index.js:12:12)
172 verbose stack     at runScriptPkg (C:\Program Files\nodejs\node_modules\npm\node_modules\@npmcli\run-script\lib\run-script-pkg.js:79:13)
172 verbose stack     at runScript (C:\Program Files\nodejs\node_modules\npm\node_modules\@npmcli\run-script\lib\run-script.js:9:12)
172 verbose stack     at C:\Program Files\nodejs\node_modules\npm\node_modules\@npmcli\arborist\lib\arborist\rebuild.js:331:17
172 verbose stack     at run (C:\Program Files\nodejs\node_modules\npm\node_modules\promise-call-limit\dist\commonjs\index.js:67:22)
172 verbose stack     at C:\Program Files\nodejs\node_modules\npm\node_modules\promise-call-limit\dist\commonjs\index.js:84:9
173 error code EPERM
174 error syscall spawn
175 error errno -4048
176 error Error: spawn EPERM
176 error     at ChildProcess.spawn (node:internal/child_process:421:11)
176 error     at spawn (node:child_process:795:9)
176 error     at promiseSpawn (C:\Program Files\nodejs\node_modules\npm\node_modules\@npmcli\promise-spawn\lib\index.js:39:16)
176 error     at spawnWithShell (C:\Program Files\nodejs\node_modules\npm\node_modules\@npmcli\promise-spawn\lib\index.js:124:10)
176 error     at promiseSpawn (C:\Program Files\nodejs\node_modules\npm\node_modules\@npmcli\promise-spawn\lib\index.js:12:12)
176 error     at runScriptPkg (C:\Program Files\nodejs\node_modules\npm\node_modules\@npmcli\run-script\lib\run-script-pkg.js:79:13)
176 error     at runScript (C:\Program Files\nodejs\node_modules\npm\node_modules\@npmcli\run-script\lib\run-script.js:9:12)
176 error     at C:\Program Files\nodejs\node_modules\npm\node_modules\@npmcli\arborist\lib\arborist\rebuild.js:331:17
176 error     at run (C:\Program Files\nodejs\node_modules\npm\node_modules\promise-call-limit\dist\commonjs\index.js:67:22)
176 error     at C:\Program Files\nodejs\node_modules\npm\node_modules\promise-call-limit\dist\commonjs\index.js:84:9 {
176 error   errno: -4048,
176 error   code: 'EPERM',
176 error   syscall: 'spawn'
176 error }
177 error
177 error The operation was rejected by your operating system.
177 error It's possible that the file was already in use (by a text editor or antivirus),
177 error or that you lack permissions to access it.
177 error
177 error If you believe this might be a permissions issue, please double-check the
177 error permissions of the file and its containing directories, or try running
177 error the command again as root/Administrator.
178 silly unfinished npm timer reify 1775075465242
179 silly unfinished npm timer reify:build 1775075470050
180 silly unfinished npm timer build 1775075470050
181 silly unfinished npm timer build:deps 1775075470050
182 silly unfinished npm timer build:run:postinstall 1775075470053
183 silly unfinished npm timer build:run:postinstall:node_modules/supabase 1775075470054
184 verbose cwd C:\Dev\Stockwise
185 verbose os Windows_NT 10.0.26200
186 verbose node v24.6.0
187 verbose npm  v11.5.1
188 verbose exit -4048
189 verbose code -4048
190 error A complete log of this run can be found in: C:\Dev\Stockwise\.tmp-npm-cache\_logs\2026-04-01T20_31_01_572Z-debug-0.log
